+ echo 'HOSTNAME: kafka-0 0 '
+ export KAFKA_LOG4J_ROOT_LOGLEVEL=DEBUG
+ KAFKA_LOG4J_ROOT_LOGLEVEL=DEBUG
+ export KAFKA_TOOLS_LOG4J_LOGLEVEL=DEBUG
+ KAFKA_TOOLS_LOG4J_LOGLEVEL=DEBUG
+ export KAFKA_BROKER_ID=0
+ KAFKA_BROKER_ID=0
HOSTNAME: kafka-0 0 
+ export KAFKA_LISTENERS=INTERNET://:9092,INTRANET://:9093
+ KAFKA_LISTENERS=INTERNET://:9092,INTRANET://:9093
+ export KAFKA_LISTENER_SECURITY_PROTOCOL_MAP=INTERNET:SSL,INTRANET:SSL
+ KAFKA_LISTENER_SECURITY_PROTOCOL_MAP=INTERNET:SSL,INTRANET:SSL
+ export KAFKA_SSL_KEYSTORE_LOCATION=/mnt/keystore.jks
+ KAFKA_SSL_KEYSTORE_LOCATION=/mnt/keystore.jks
+ export KAFKA_SSL_TRUSTSTORE_LOCATION=/mnt/truststore.jks
+ KAFKA_SSL_TRUSTSTORE_LOCATION=/mnt/truststore.jks
+ export KAFKA_ADVERTISED_LISTENERS=INTERNET://kafka-0.kafka.default.svc.cluster.local:9092,INTRANET://kafka-0.kafka.default.svc.cluster.local:9093
+ KAFKA_ADVERTISED_LISTENERS=INTERNET://kafka-0.kafka.default.svc.cluster.local:9092,INTRANET://kafka-0.kafka.default.svc.cluster.local:9093
+ export KAFKA_ZOOKEEPER_CONNECT=zk-hs.default.svc.cluster.local:2182
+ KAFKA_ZOOKEEPER_CONNECT=zk-hs.default.svc.cluster.local:2182
+ export KAFKA_INTER_BROKER_LISTENER_NAME=INTRANET
+ KAFKA_INTER_BROKER_LISTENER_NAME=INTRANET
+ unset KAFKA_PORT
+ exec /etc/confluent/docker/run
===> User
uid=0(root) gid=0(root) groups=0(root)
===> Configuring ...
===> Running preflight checks ... 
===> Check if /var/lib/kafka/data is writable ...
===> Check if Zookeeper is healthy ...
SLF4J: Class path contains multiple SLF4J bindings.
SLF4J: Found binding in [jar:file:/usr/share/java/cp-base-new/slf4j-log4j12-1.7.30.jar!/org/slf4j/impl/StaticLoggerBinder.class]
SLF4J: Found binding in [jar:file:/usr/share/java/cp-base-new/slf4j-simple-1.7.30.jar!/org/slf4j/impl/StaticLoggerBinder.class]
SLF4J: See http://www.slf4j.org/codes.html#multiple_bindings for an explanation.
SLF4J: Actual binding is of type [org.slf4j.impl.Log4jLoggerFactory]
log4j:WARN No appenders could be found for logger (io.confluent.admin.utils.cli.ZookeeperReadyCommand).
log4j:WARN Please initialize the log4j system properly.
log4j:WARN See http://logging.apache.org/log4j/1.2/faq.html#noconfig for more info.
