xxxxxxxxxxxxxxxxxxxxxxxxxxxxxxx
The generic Hello World from zookeeper
xxxxxxxxxxxxxxxxxxxxxxxxxxxxxxx
###############################################
######## initial printenv ######
###############################################
ZOOKEEPER_LOG4J_ROOT_LOGLEVEL=DEBUG
LANG=C.UTF-8
ZOOKEEPER_AUTOPURGE_SNAP_RETAIN_COUNT=3
HOSTNAME=zk-0
ZOOKEEPER_SSL_KEYSTORE_TYPE=JKS
ZOOKEEPER_AUTH_PROVIDER_SASL=org.apache.zookeeper.server.auth.SASLAuthenticationProvider
ZOOKEEPER_TOOLS_LOG4J_LOGLEVEL=DEBUG
ZK_CS_PORT_2181_TCP_ADDR=10.96.141.91
ZK_CS_PORT_2181_TCP_PORT=2181
ZOOKEEPER_SERVER_ID=1
ZOOKEEPER_SERVERS=zk-0.zk-hs.default.svc.cluster.local:2888:3888;zk-1.zk-hs.default.svc.cluster.local:2888:3888;zk-2.zk-hs.default.svc.cluster.local:2888:3888
KUBERNETES_PORT_443_TCP_PROTO=tcp
KUBERNETES_PORT_443_TCP_ADDR=10.96.0.1
container=oci
ZK_CS_SERVICE_PORT_TCP_CLIENT=2181
ZOOKEEPER_AUTOPURGE_PURGE_INTERVAL=12
ZOOKEEPER_SYNC_LIMIT=5
KUBERNETES_PORT=tcp://10.96.0.1:443
ZK_CS_PORT_2181_TCP=tcp://10.96.141.91:2181
ZOOKEEPER_SSL_HOSTNAME_VERIFICATION=false
PWD=/home/appuser
ZOOKEEPER_SECURE_CLIENT_PORT=2182
HOME=/root
ZOOKEEPER_SSL_QUORUM_KEYSTORE_PASSWORD=tapowa01
ZOOKEEPER_SSL_QUORUM=true
ZOOKEEPER_CLIENT_PORT_UNIFICATION=true
KUBERNETES_SERVICE_PORT_HTTPS=443
ZOOKEEPER_SSL_TRUSTSTORE_TYPE=JKS
WELCOME_MESSAGE=The generic Hello World from zookeeper
ZOOKEEPER_SSL_QUORUM_TRUSTSTORE_LOCATION=/mnt/truststore.jks
KUBERNETES_PORT_443_TCP_PORT=443
ZOOKEEPER_SERVER_CNXN_FACTORY=org.apache.zookeeper.server.NettyServerCnxnFactory
ZK_CS_PORT=tcp://10.96.141.91:2181
ZOOKEEPER_INIT_LIMIT=10
KUBERNETES_PORT_443_TCP=tcp://10.96.0.1:443
ZOOKEEPER_SSL_QUORUM_HOSTNAME_VERIFICATION=false
ZOOKEEPER_SSL_CLIENT_AUTH=need
ZOOKEEPER_TICK_TIME=2000
ZOOKEEPER_AUTH_PROVIDER_X509=org.apache.zookeeper.server.auth.X509AuthenticationProvider
COMPONENT=zookeeper
ZK_CS_SERVICE_HOST=10.96.141.91
KAFKA_OPTS=-Dzookeeper.ssl.quorum.hostnameVerification=false -Dzookeeper.ssl.hostnameVerification=false -Dzookeeper.4lw.commands.whitelist=* -Dzookeeper.electionPortBindRetry=0
ZOOKEEPER_SSL_QUORUM_TRUSTSTORE_PASSWORD=tapowa01
SHLVL=2
ZK_CS_PORT_2181_TCP_PROTO=tcp
ZK_CS_SERVICE_PORT=2181
ZOOKEEPER_SSL_QUORUM_KEYSTORE_LOCATION=/mnt/keystore.jks
KUBERNETES_SERVICE_PORT=443
ZOOKEEPER_SSL_TRUSTSTORE_LOCATION=/mnt/truststore.jks
PATH=/usr/local/sbin:/usr/local/bin:/usr/sbin:/usr/bin:/sbin:/bin
CUB_CLASSPATH="/usr/share/java/cp-base-new/*"
ZOOKEEPER_SSL_TRUSTSTORE_PASSWORD=tapowa01
ZOOKEEPER_SSL_KEYSTORE_LOCATION=/mnt/keystore.jks
ZOOKEEPER_MAX_CLIENT_CNXNS=60
KUBERNETES_SERVICE_HOST=10.96.0.1
ZOOKEEPER_CLIENT_PORT=2181
ZOOKEEPER_SSL_KEYSTORE_PASSWORD=tapowa01
_=/usr/bin/printenv
===> User
uid=0(root) gid=0(root) groups=0(root),1000(appuser)
===> Configuring ...
===> Running preflight checks ... 
===> Check if /var/lib/zookeeper/data is writable ...
===> Check if /var/lib/zookeeper/log is writable ...
===> Launching ... 
===> Printing /var/lib/zookeeper/data/myid 
1===> Launching zookeeper ... 
[2021-09-25 21:01:48,297] INFO Reading configuration from: /etc/kafka/zookeeper.properties (org.apache.zookeeper.server.quorum.QuorumPeerConfig)
[2021-09-25 21:01:48,310] INFO clientPortAddress is 0.0.0.0:2181 (org.apache.zookeeper.server.quorum.QuorumPeerConfig)
[2021-09-25 21:01:48,311] INFO secureClientPortAddress is 0.0.0.0:2182 (org.apache.zookeeper.server.quorum.QuorumPeerConfig)
[2021-09-25 21:01:48,313] INFO Setting -D jdk.tls.rejectClientInitiatedRenegotiation=true to disable client-initiated TLS renegotiation (org.apache.zookeeper.common.X509Util)
[2021-09-25 21:01:48,327] INFO autopurge.snapRetainCount set to 3 (org.apache.zookeeper.server.DatadirCleanupManager)
[2021-09-25 21:01:48,327] INFO autopurge.purgeInterval set to 12 (org.apache.zookeeper.server.DatadirCleanupManager)
[2021-09-25 21:01:48,332] INFO Log4j 1.2 jmx support found and enabled. (org.apache.zookeeper.jmx.ManagedUtil)
[2021-09-25 21:01:48,333] DEBUG registerLog4jMBeans() (org.apache.zookeeper.jmx.ManagedUtil)
[2021-09-25 21:01:48,332] INFO Purge task started. (org.apache.zookeeper.server.DatadirCleanupManager)
[2021-09-25 21:01:48,335] DEBUG preRegister called. Server=com.sun.jmx.mbeanserver.JmxMBeanServer@5bcea91b, name=log4j:hierarchy=default (org.apache.log4j.jmx.HierarchyDynamicMBean)
[2021-09-25 21:01:48,335] DEBUG postRegister is called. (org.apache.log4j.jmx.HierarchyDynamicMBean)
[2021-09-25 21:01:48,338] DEBUG preRegister called. Server=com.sun.jmx.mbeanserver.JmxMBeanServer@5bcea91b, name=log4j:logger=root (root)
[2021-09-25 21:01:48,339] DEBUG Opening datadir:/var/lib/zookeeper/log snapDir:/var/lib/zookeeper/data (org.apache.zookeeper.server.persistence.FileTxnSnapLog)
[2021-09-25 21:01:48,340] INFO zookeeper.snapshot.trust.empty : false (org.apache.zookeeper.server.persistence.FileTxnSnapLog)
[2021-09-25 21:01:48,340] DEBUG Adding AppenderMBean for appender named stdout (org.apache.log4j.jmx.LoggerDynamicMBean)
[2021-09-25 21:01:48,347] INFO Purge task completed. (org.apache.zookeeper.server.DatadirCleanupManager)
[2021-09-25 21:01:48,350] DEBUG getMBeanInfo called. (org.apache.log4j.jmx.AppenderDynamicMBean)
[2021-09-25 21:01:48,350] DEBUG preRegister called. Server=com.sun.jmx.mbeanserver.JmxMBeanServer@5bcea91b, name=log4j:appender=stdout (org.apache.log4j.jmx.AppenderDynamicMBean)
[2021-09-25 21:01:48,350] DEBUG Adding LayoutMBean:stdout,layout=org.apache.log4j.PatternLayout (org.apache.log4j.jmx.AppenderDynamicMBean)
[2021-09-25 21:01:48,350] DEBUG getMBeanInfo called. (org.apache.log4j.jmx.LayoutDynamicMBean)
[2021-09-25 21:01:48,350] DEBUG preRegister called. Server=com.sun.jmx.mbeanserver.JmxMBeanServer@5bcea91b, name=log4j:appender=stdout,layout=org.apache.log4j.PatternLayout (org.apache.log4j.jmx.LayoutDynamicMBean)
[2021-09-25 21:01:48,351] DEBUG ---Adding logger [root] as listener. (org.apache.log4j.jmx.HierarchyDynamicMBean)
[2021-09-25 21:01:48,352] DEBUG preRegister called. Server=com.sun.jmx.mbeanserver.JmxMBeanServer@5bcea91b, name=log4j:logger=org.apache.zookeeper.server.persistence.FileSnap (org.apache.zookeeper.server.persistence.FileSnap)
[2021-09-25 21:01:48,352] DEBUG ---Adding logger [org.apache.zookeeper.server.persistence.FileSnap] as listener. (org.apache.log4j.jmx.HierarchyDynamicMBean)
[2021-09-25 21:01:48,353] DEBUG preRegister called. Server=com.sun.jmx.mbeanserver.JmxMBeanServer@5bcea91b, name=log4j:logger=org.apache.log4j.jmx.LoggerDynamicMBean (org.apache.log4j.jmx.LoggerDynamicMBean)
[2021-09-25 21:01:48,353] DEBUG ---Adding logger [org.apache.log4j.jmx.LoggerDynamicMBean] as listener. (org.apache.log4j.jmx.HierarchyDynamicMBean)
[2021-09-25 21:01:48,353] DEBUG preRegister called. Server=com.sun.jmx.mbeanserver.JmxMBeanServer@5bcea91b, name=log4j:logger=org.apache.zookeeper.server.PurgeTxnLog (org.apache.zookeeper.server.PurgeTxnLog)
[2021-09-25 21:01:48,353] DEBUG ---Adding logger [org.apache.zookeeper.server.PurgeTxnLog] as listener. (org.apache.log4j.jmx.HierarchyDynamicMBean)
[2021-09-25 21:01:48,353] DEBUG preRegister called. Server=com.sun.jmx.mbeanserver.JmxMBeanServer@5bcea91b, name=log4j:logger=org.apache.zookeeper.jmx.MBeanRegistry (org.apache.zookeeper.jmx.MBeanRegistry)
[2021-09-25 21:01:48,353] DEBUG ---Adding logger [org.apache.zookeeper.jmx.MBeanRegistry] as listener. (org.apache.log4j.jmx.HierarchyDynamicMBean)
[2021-09-25 21:01:48,353] DEBUG preRegister called. Server=com.sun.jmx.mbeanserver.JmxMBeanServer@5bcea91b, name=log4j:logger=org.apache.zookeeper.server.persistence.FileTxnSnapLog (org.apache.zookeeper.server.persistence.FileTxnSnapLog)
[2021-09-25 21:01:48,353] DEBUG ---Adding logger [org.apache.zookeeper.server.persistence.FileTxnSnapLog] as listener. (org.apache.log4j.jmx.HierarchyDynamicMBean)
[2021-09-25 21:01:48,353] DEBUG preRegister called. Server=com.sun.jmx.mbeanserver.JmxMBeanServer@5bcea91b, name=log4j:logger=org.apache.zookeeper.server.quorum.QuorumPeerConfig (org.apache.zookeeper.server.quorum.QuorumPeerConfig)
[2021-09-25 21:01:48,353] DEBUG ---Adding logger [org.apache.zookeeper.server.quorum.QuorumPeerConfig] as listener. (org.apache.log4j.jmx.HierarchyDynamicMBean)
[2021-09-25 21:01:48,354] DEBUG preRegister called. Server=com.sun.jmx.mbeanserver.JmxMBeanServer@5bcea91b, name=log4j:logger=org.apache.log4j.jmx.AppenderDynamicMBean (org.apache.log4j.jmx.AppenderDynamicMBean)
[2021-09-25 21:01:48,354] DEBUG ---Adding logger [org.apache.log4j.jmx.AppenderDynamicMBean] as listener. (org.apache.log4j.jmx.HierarchyDynamicMBean)
[2021-09-25 21:01:48,354] DEBUG preRegister called. Server=com.sun.jmx.mbeanserver.JmxMBeanServer@5bcea91b, name=log4j:logger=org.apache.zookeeper.server.persistence.Util (org.apache.zookeeper.server.persistence.Util)
[2021-09-25 21:01:48,354] DEBUG ---Adding logger [org.apache.zookeeper.server.persistence.Util] as listener. (org.apache.log4j.jmx.HierarchyDynamicMBean)
[2021-09-25 21:01:48,354] DEBUG preRegister called. Server=com.sun.jmx.mbeanserver.JmxMBeanServer@5bcea91b, name=log4j:logger=org.apache.zookeeper.server.quorum.QuorumPeerMain (org.apache.zookeeper.server.quorum.QuorumPeerMain)
[2021-09-25 21:01:48,354] DEBUG ---Adding logger [org.apache.zookeeper.server.quorum.QuorumPeerMain] as listener. (org.apache.log4j.jmx.HierarchyDynamicMBean)
[2021-09-25 21:01:48,354] DEBUG preRegister called. Server=com.sun.jmx.mbeanserver.JmxMBeanServer@5bcea91b, name=log4j:logger=org.apache.log4j.jmx.HierarchyDynamicMBean (org.apache.log4j.jmx.HierarchyDynamicMBean)
[2021-09-25 21:01:48,354] DEBUG ---Adding logger [org.apache.log4j.jmx.HierarchyDynamicMBean] as listener. (org.apache.log4j.jmx.HierarchyDynamicMBean)
[2021-09-25 21:01:48,354] DEBUG preRegister called. Server=com.sun.jmx.mbeanserver.JmxMBeanServer@5bcea91b, name=log4j:logger=org.apache.zookeeper.common.X509Util (org.apache.zookeeper.common.X509Util)
[2021-09-25 21:01:48,354] DEBUG ---Adding logger [org.apache.zookeeper.common.X509Util] as listener. (org.apache.log4j.jmx.HierarchyDynamicMBean)
[2021-09-25 21:01:48,354] DEBUG preRegister called. Server=com.sun.jmx.mbeanserver.JmxMBeanServer@5bcea91b, name=log4j:logger=org.apache.zookeeper.jmx.ManagedUtil (org.apache.zookeeper.jmx.ManagedUtil)
[2021-09-25 21:01:48,354] DEBUG ---Adding logger [org.apache.zookeeper.jmx.ManagedUtil] as listener. (org.apache.log4j.jmx.HierarchyDynamicMBean)
[2021-09-25 21:01:48,354] DEBUG preRegister called. Server=com.sun.jmx.mbeanserver.JmxMBeanServer@5bcea91b, name=log4j:logger=org.apache.zookeeper.server.DatadirCleanupManager (org.apache.zookeeper.server.DatadirCleanupManager)
[2021-09-25 21:01:48,355] DEBUG ---Adding logger [org.apache.zookeeper.server.DatadirCleanupManager] as listener. (org.apache.log4j.jmx.HierarchyDynamicMBean)
[2021-09-25 21:01:48,355] DEBUG preRegister called. Server=com.sun.jmx.mbeanserver.JmxMBeanServer@5bcea91b, name=log4j:logger=org.apache.log4j.jmx.LayoutDynamicMBean (org.apache.log4j.jmx.LayoutDynamicMBean)
[2021-09-25 21:01:48,355] DEBUG ---Adding logger [org.apache.log4j.jmx.LayoutDynamicMBean] as listener. (org.apache.log4j.jmx.HierarchyDynamicMBean)
[2021-09-25 21:01:48,355] DEBUG preRegister called. Server=com.sun.jmx.mbeanserver.JmxMBeanServer@5bcea91b, name=log4j:logger=org.apache.zookeeper.server.persistence.FileTxnLog (org.apache.zookeeper.server.persistence.FileTxnLog)
[2021-09-25 21:01:48,355] DEBUG ---Adding logger [org.apache.zookeeper.server.persistence.FileTxnLog] as listener. (org.apache.log4j.jmx.HierarchyDynamicMBean)
[2021-09-25 21:01:48,355] INFO Starting quorum peer, myid=1 (org.apache.zookeeper.server.quorum.QuorumPeerMain)
[2021-09-25 21:01:48,377] DEBUG Using SLF4J as the default logging framework (io.netty.util.internal.logging.InternalLoggerFactory)
[2021-09-25 21:01:48,380] DEBUG -Dio.netty.noUnsafe: false (io.netty.util.internal.PlatformDependent0)
[2021-09-25 21:01:48,381] DEBUG Java version: 11 (io.netty.util.internal.PlatformDependent0)
[2021-09-25 21:01:48,382] DEBUG sun.misc.Unsafe.theUnsafe: available (io.netty.util.internal.PlatformDependent0)
[2021-09-25 21:01:48,383] DEBUG sun.misc.Unsafe.copyMemory: available (io.netty.util.internal.PlatformDependent0)
[2021-09-25 21:01:48,383] DEBUG java.nio.Buffer.address: available (io.netty.util.internal.PlatformDependent0)
[2021-09-25 21:01:48,384] DEBUG direct buffer constructor: unavailable (io.netty.util.internal.PlatformDependent0)
java.lang.UnsupportedOperationException: Reflective setAccessible(true) disabled
	at io.netty.util.internal.ReflectionUtil.trySetAccessible(ReflectionUtil.java:31)
	at io.netty.util.internal.PlatformDependent0$4.run(PlatformDependent0.java:239)
	at java.base/java.security.AccessController.doPrivileged(Native Method)
	at io.netty.util.internal.PlatformDependent0.<clinit>(PlatformDependent0.java:233)
	at io.netty.util.internal.PlatformDependent.isAndroid(PlatformDependent.java:294)
	at io.netty.util.internal.PlatformDependent.<clinit>(PlatformDependent.java:93)
	at io.netty.util.ConstantPool.<init>(ConstantPool.java:32)
	at io.netty.util.AttributeKey$1.<init>(AttributeKey.java:27)
	at io.netty.util.AttributeKey.<clinit>(AttributeKey.java:27)
	at org.apache.zookeeper.server.NettyServerCnxnFactory.<clinit>(NettyServerCnxnFactory.java:110)
	at java.base/java.lang.Class.forName0(Native Method)
	at java.base/java.lang.Class.forName(Class.java:315)
	at org.apache.zookeeper.server.ServerCnxnFactory.createFactory(ServerCnxnFactory.java:133)
	at org.apache.zookeeper.server.quorum.QuorumPeerMain.runFromConfig(QuorumPeerMain.java:147)
	at org.apache.zookeeper.server.quorum.QuorumPeerMain.initializeAndRun(QuorumPeerMain.java:123)
	at org.apache.zookeeper.server.quorum.QuorumPeerMain.main(QuorumPeerMain.java:82)
[2021-09-25 21:01:48,386] DEBUG java.nio.Bits.unaligned: available, true (io.netty.util.internal.PlatformDependent0)
[2021-09-25 21:01:48,387] DEBUG jdk.internal.misc.Unsafe.allocateUninitializedArray(int): unavailable (io.netty.util.internal.PlatformDependent0)
java.lang.IllegalAccessException: class io.netty.util.internal.PlatformDependent0$6 cannot access class jdk.internal.misc.Unsafe (in module java.base) because module java.base does not export jdk.internal.misc to unnamed module @7a419da4
	at java.base/jdk.internal.reflect.Reflection.newIllegalAccessException(Reflection.java:361)
	at java.base/java.lang.reflect.AccessibleObject.checkAccess(AccessibleObject.java:591)
	at java.base/java.lang.reflect.Method.invoke(Method.java:558)
	at io.netty.util.internal.PlatformDependent0$6.run(PlatformDependent0.java:353)
	at java.base/java.security.AccessController.doPrivileged(Native Method)
	at io.netty.util.internal.PlatformDependent0.<clinit>(PlatformDependent0.java:344)
	at io.netty.util.internal.PlatformDependent.isAndroid(PlatformDependent.java:294)
	at io.netty.util.internal.PlatformDependent.<clinit>(PlatformDependent.java:93)
	at io.netty.util.ConstantPool.<init>(ConstantPool.java:32)
	at io.netty.util.AttributeKey$1.<init>(AttributeKey.java:27)
	at io.netty.util.AttributeKey.<clinit>(AttributeKey.java:27)
	at org.apache.zookeeper.server.NettyServerCnxnFactory.<clinit>(NettyServerCnxnFactory.java:110)
	at java.base/java.lang.Class.forName0(Native Method)
	at java.base/java.lang.Class.forName(Class.java:315)
	at org.apache.zookeeper.server.ServerCnxnFactory.createFactory(ServerCnxnFactory.java:133)
	at org.apache.zookeeper.server.quorum.QuorumPeerMain.runFromConfig(QuorumPeerMain.java:147)
	at org.apache.zookeeper.server.quorum.QuorumPeerMain.initializeAndRun(QuorumPeerMain.java:123)
	at org.apache.zookeeper.server.quorum.QuorumPeerMain.main(QuorumPeerMain.java:82)
[2021-09-25 21:01:48,389] DEBUG java.nio.DirectByteBuffer.<init>(long, int): unavailable (io.netty.util.internal.PlatformDependent0)
[2021-09-25 21:01:48,389] DEBUG sun.misc.Unsafe: available (io.netty.util.internal.PlatformDependent)
[2021-09-25 21:01:48,391] DEBUG maxDirectMemory: 536870912 bytes (maybe) (io.netty.util.internal.PlatformDependent)
[2021-09-25 21:01:48,391] DEBUG -Dio.netty.tmpdir: /tmp (java.io.tmpdir) (io.netty.util.internal.PlatformDependent)
[2021-09-25 21:01:48,391] DEBUG -Dio.netty.bitMode: 64 (sun.arch.data.model) (io.netty.util.internal.PlatformDependent)
[2021-09-25 21:01:48,392] DEBUG -Dio.netty.maxDirectMemory: -1 bytes (io.netty.util.internal.PlatformDependent)
[2021-09-25 21:01:48,392] DEBUG -Dio.netty.uninitializedArrayAllocationThreshold: -1 (io.netty.util.internal.PlatformDependent)
[2021-09-25 21:01:48,393] DEBUG java.nio.ByteBuffer.cleaner(): available (io.netty.util.internal.CleanerJava9)
[2021-09-25 21:01:48,393] DEBUG -Dio.netty.noPreferDirect: false (io.netty.util.internal.PlatformDependent)
[2021-09-25 21:01:48,413] DEBUG -Dio.netty.threadLocalMap.stringBuilder.initialSize: 1024 (io.netty.util.internal.InternalThreadLocalMap)
[2021-09-25 21:01:48,413] DEBUG -Dio.netty.threadLocalMap.stringBuilder.maxSize: 4096 (io.netty.util.internal.InternalThreadLocalMap)
[2021-09-25 21:01:48,417] INFO zookeeper.client.portUnification=true (org.apache.zookeeper.server.NettyServerCnxnFactory)
[2021-09-25 21:01:48,418] DEBUG Ignoring loopback InetAddress /127.0.0.1 (org.apache.zookeeper.common.NettyUtils)
[2021-09-25 21:01:48,418] DEBUG Detected 1 local network addresses (org.apache.zookeeper.common.NettyUtils)
[2021-09-25 21:01:48,418] DEBUG Resolved local addresses are: [/10.244.2.81] (org.apache.zookeeper.common.NettyUtils)
[2021-09-25 21:01:48,423] DEBUG -Dio.netty.native.workdir: /tmp (io.netty.tmpdir) (io.netty.util.internal.NativeLibraryLoader)
[2021-09-25 21:01:48,423] DEBUG -Dio.netty.native.deleteLibAfterLoading: true (io.netty.util.internal.NativeLibraryLoader)
[2021-09-25 21:01:48,423] DEBUG -Dio.netty.native.tryPatchShadedId: true (io.netty.util.internal.NativeLibraryLoader)
[2021-09-25 21:01:48,428] DEBUG -Dio.netty.eventLoopThreads: 2 (io.netty.channel.MultithreadEventLoopGroup)
[2021-09-25 21:01:48,432] DEBUG -Dio.netty.noKeySetOptimization: false (io.netty.channel.nio.NioEventLoop)
[2021-09-25 21:01:48,433] DEBUG -Dio.netty.selectorAutoRebuildThreshold: 512 (io.netty.channel.nio.NioEventLoop)
[2021-09-25 21:01:48,439] DEBUG org.jctools-core.MpscChunkedArrayQueue: available (io.netty.util.internal.PlatformDependent)
[2021-09-25 21:01:48,452] INFO Using org.apache.zookeeper.server.NettyServerCnxnFactory as server connection factory (org.apache.zookeeper.server.ServerCnxnFactory)
[2021-09-25 21:01:48,453] INFO zookeeper.client.portUnification=true (org.apache.zookeeper.server.NettyServerCnxnFactory)
[2021-09-25 21:01:48,453] DEBUG Ignoring loopback InetAddress /127.0.0.1 (org.apache.zookeeper.common.NettyUtils)
[2021-09-25 21:01:48,453] DEBUG Detected 1 local network addresses (org.apache.zookeeper.common.NettyUtils)
[2021-09-25 21:01:48,453] DEBUG Resolved local addresses are: [/10.244.2.81] (org.apache.zookeeper.common.NettyUtils)
[2021-09-25 21:01:48,453] INFO Using org.apache.zookeeper.server.NettyServerCnxnFactory as server connection factory (org.apache.zookeeper.server.ServerCnxnFactory)
[2021-09-25 21:01:48,493] DEBUG Logging to org.slf4j.impl.Log4jLoggerAdapter(org.eclipse.jetty.util.log) via org.eclipse.jetty.util.log.Slf4jLog (org.eclipse.jetty.util.log)
[2021-09-25 21:01:48,494] INFO Logging initialized @606ms to org.eclipse.jetty.util.log.Slf4jLog (org.eclipse.jetty.util.log)
[2021-09-25 21:01:48,502] DEBUG QueuedThreadPool[qtp238762799]@e3b3b2f{STOPPED,8<=0<=200,i=0,r=-1,q=0}[NO_TRY] added {org.eclipse.jetty.util.thread.ThreadPoolBudget@4e0ae11f,POJO} (org.eclipse.jetty.util.component.ContainerLifeCycle)
[2021-09-25 21:01:48,516] DEBUG Server@7d61eb55{STOPPED}[9.4.43.v20210629] added {QueuedThreadPool[qtp238762799]@e3b3b2f{STOPPED,8<=0<=200,i=0,r=-1,q=0}[NO_TRY],AUTO} (org.eclipse.jetty.util.component.ContainerLifeCycle)
[2021-09-25 21:01:48,536] DEBUG HttpConnectionFactory@24c4ddae[HTTP/1.1] added {HttpConfiguration@37fb0bed{32768/8192,8192/8192,https://:0,[]},POJO} (org.eclipse.jetty.util.component.ContainerLifeCycle)
[2021-09-25 21:01:48,543] DEBUG ServerConnector@44a59da3{null, ()}{0.0.0.0:0} added {Server@7d61eb55{STOPPED}[9.4.43.v20210629],UNMANAGED} (org.eclipse.jetty.util.component.ContainerLifeCycle)
[2021-09-25 21:01:48,544] DEBUG ServerConnector@44a59da3{null, ()}{0.0.0.0:0} added {QueuedThreadPool[qtp238762799]@e3b3b2f{STOPPED,8<=0<=200,i=0,r=-1,q=0}[NO_TRY],AUTO} (org.eclipse.jetty.util.component.ContainerLifeCycle)
[2021-09-25 21:01:48,544] DEBUG ServerConnector@44a59da3{null, ()}{0.0.0.0:0} added {ScheduledExecutorScheduler@421e361{STOPPED},AUTO} (org.eclipse.jetty.util.component.ContainerLifeCycle)
[2021-09-25 21:01:48,544] DEBUG ServerConnector@44a59da3{null, ()}{0.0.0.0:0} added {org.eclipse.jetty.io.ArrayByteBufferPool@59d4cd39,POJO} (org.eclipse.jetty.util.component.ContainerLifeCycle)
[2021-09-25 21:01:48,544] DEBUG ServerConnector@44a59da3{null, (http/1.1)}{0.0.0.0:0} added {HttpConnectionFactory@24c4ddae[HTTP/1.1],AUTO} (org.eclipse.jetty.util.component.ContainerLifeCycle)
[2021-09-25 21:01:48,545] DEBUG ServerConnector@44a59da3{HTTP/1.1, (http/1.1)}{0.0.0.0:0} added HttpConnectionFactory@24c4ddae[HTTP/1.1] (org.eclipse.jetty.server.AbstractConnector)
[2021-09-25 21:01:48,548] DEBUG ServerConnector@44a59da3{HTTP/1.1, (http/1.1)}{0.0.0.0:0} added {SelectorManager@ServerConnector@44a59da3{HTTP/1.1, (http/1.1)}{0.0.0.0:0},MANAGED} (org.eclipse.jetty.util.component.ContainerLifeCycle)
[2021-09-25 21:01:48,549] DEBUG Server@7d61eb55{STOPPED}[9.4.43.v20210629] added {ServerConnector@44a59da3{HTTP/1.1, (http/1.1)}{0.0.0.0:8080},AUTO} (org.eclipse.jetty.util.component.ContainerLifeCycle)
[2021-09-25 21:01:48,562] DEBUG Adding Decorator: org.eclipse.jetty.util.DeprecationWarning@7357a011 (org.eclipse.jetty.util.DecoratedObjectFactory)
[2021-09-25 21:01:48,568] DEBUG o.e.j.s.ServletContextHandler@63eef88a{/,null,STOPPED} added {org.eclipse.jetty.server.session.SessionHandler1394940518==dftMaxIdleSec=-1,MANAGED} (org.eclipse.jetty.util.component.ContainerLifeCycle)
[2021-09-25 21:01:48,572] DEBUG org.eclipse.jetty.server.session.SessionHandler1394940518==dftMaxIdleSec=-1 added {ServletHandler@71e693fa{STOPPED},MANAGED} (org.eclipse.jetty.util.component.ContainerLifeCycle)
[2021-09-25 21:01:48,572] WARN o.e.j.s.ServletContextHandler@63eef88a{/,null,STOPPED} contextPath ends with /* (org.eclipse.jetty.server.handler.ContextHandler)
[2021-09-25 21:01:48,572] WARN Empty contextPath (org.eclipse.jetty.server.handler.ContextHandler)
[2021-09-25 21:01:48,578] DEBUG ConstraintSecurityHandler@1bd39d3c{STOPPED} added {org.eclipse.jetty.util.component.DumpableCollection@6f19ac19,POJO} (org.eclipse.jetty.util.component.ContainerLifeCycle)
[2021-09-25 21:01:48,579] DEBUG org.eclipse.jetty.server.session.SessionHandler1394940518==dftMaxIdleSec=-1 added {ConstraintSecurityHandler@1bd39d3c{STOPPED},MANAGED} (org.eclipse.jetty.util.component.ContainerLifeCycle)
[2021-09-25 21:01:48,579] DEBUG ConstraintSecurityHandler@1bd39d3c{STOPPED} added {ServletHandler@71e693fa{STOPPED},MANAGED} (org.eclipse.jetty.util.component.ContainerLifeCycle)
[2021-09-25 21:01:48,579] DEBUG Server@7d61eb55{STOPPED}[9.4.43.v20210629] added {o.e.j.s.ServletContextHandler@63eef88a{/,null,STOPPED},MANAGED} (org.eclipse.jetty.util.component.ContainerLifeCycle)
[2021-09-25 21:01:48,588] DEBUG ServletHandler@71e693fa{STOPPED} added {org.apache.zookeeper.server.admin.JettyAdminServer$CommandServlet-181e731e==org.apache.zookeeper.server.admin.JettyAdminServer$CommandServlet@52c1bac0{jsp=null,order=-1,inst=false,async=true,src=EMBEDDED:null,STOPPED},AUTO} (org.eclipse.jetty.util.component.ContainerLifeCycle)
[2021-09-25 21:01:48,588] DEBUG ServletHandler@71e693fa{STOPPED} added {[/commands/*]=>org.apache.zookeeper.server.admin.JettyAdminServer$CommandServlet-181e731e,POJO} (org.eclipse.jetty.util.component.ContainerLifeCycle)
[2021-09-25 21:01:48,589] DEBUG Opening datadir:/var/lib/zookeeper/log snapDir:/var/lib/zookeeper/data (org.apache.zookeeper.server.persistence.FileTxnSnapLog)
[2021-09-25 21:01:48,589] INFO zookeeper.snapshot.trust.empty : false (org.apache.zookeeper.server.persistence.FileTxnSnapLog)
[2021-09-25 21:01:48,589] INFO Local sessions disabled (org.apache.zookeeper.server.quorum.QuorumPeer)
[2021-09-25 21:01:48,589] INFO Local session upgrading disabled (org.apache.zookeeper.server.quorum.QuorumPeer)
[2021-09-25 21:01:48,589] INFO tickTime set to 2000 (org.apache.zookeeper.server.quorum.QuorumPeer)
[2021-09-25 21:01:48,589] INFO minSessionTimeout set to 4000 (org.apache.zookeeper.server.quorum.QuorumPeer)
[2021-09-25 21:01:48,589] INFO maxSessionTimeout set to 40000 (org.apache.zookeeper.server.quorum.QuorumPeer)
[2021-09-25 21:01:48,589] INFO initLimit set to 10 (org.apache.zookeeper.server.quorum.QuorumPeer)
[2021-09-25 21:01:48,597] INFO zookeeper.snapshotSizeFactor = 0.33 (org.apache.zookeeper.server.ZKDatabase)
[2021-09-25 21:01:48,598] INFO Using TLS encrypted quorum communication (org.apache.zookeeper.server.quorum.QuorumPeer)
[2021-09-25 21:01:48,598] INFO Port unification disabled (org.apache.zookeeper.server.quorum.QuorumPeer)
[2021-09-25 21:01:48,598] INFO QuorumPeer communication is not secured! (SASL auth disabled) (org.apache.zookeeper.server.quorum.QuorumPeer)
[2021-09-25 21:01:48,598] INFO quorum.cnxn.threads.size set to 20 (org.apache.zookeeper.server.quorum.QuorumPeer)
[2021-09-25 21:01:48,600] INFO Snapshotting: 0x0 to /var/lib/zookeeper/data/version-2/snapshot.0 (org.apache.zookeeper.server.persistence.FileTxnSnapLog)
[2021-09-25 21:01:48,602] INFO currentEpoch not found! Creating with a reasonable default of 0. This should only happen when you are upgrading your installation (org.apache.zookeeper.server.quorum.QuorumPeer)
[2021-09-25 21:01:48,606] INFO acceptedEpoch not found! Creating with a reasonable default of 0. This should only happen when you are upgrading your installation (org.apache.zookeeper.server.quorum.QuorumPeer)
[2021-09-25 21:01:48,609] INFO binding to port 0.0.0.0/0.0.0.0:2181 (org.apache.zookeeper.server.NettyServerCnxnFactory)
[2021-09-25 21:01:48,617] DEBUG -Dio.netty.processId: 11 (auto-detected) (io.netty.channel.DefaultChannelId)
[2021-09-25 21:01:48,619] DEBUG -Djava.net.preferIPv4Stack: false (io.netty.util.NetUtil)
[2021-09-25 21:01:48,619] DEBUG -Djava.net.preferIPv6Addresses: false (io.netty.util.NetUtil)
[2021-09-25 21:01:48,620] DEBUG Loopback interface: lo (lo, 127.0.0.1) (io.netty.util.NetUtilInitializations)
[2021-09-25 21:01:48,620] DEBUG /proc/sys/net/core/somaxconn: 128 (io.netty.util.NetUtil)
[2021-09-25 21:01:48,621] DEBUG -Dio.netty.machineId: fa:1f:01:ff:fe:6e:d0:bf (auto-detected) (io.netty.channel.DefaultChannelId)
[2021-09-25 21:01:48,629] DEBUG -Dio.netty.leakDetection.level: simple (io.netty.util.ResourceLeakDetector)
[2021-09-25 21:01:48,629] DEBUG -Dio.netty.leakDetection.targetRecords: 4 (io.netty.util.ResourceLeakDetector)
[2021-09-25 21:01:48,645] DEBUG -Dio.netty.allocator.numHeapArenas: 2 (io.netty.buffer.PooledByteBufAllocator)
[2021-09-25 21:01:48,645] DEBUG -Dio.netty.allocator.numDirectArenas: 2 (io.netty.buffer.PooledByteBufAllocator)
[2021-09-25 21:01:48,645] DEBUG -Dio.netty.allocator.pageSize: 8192 (io.netty.buffer.PooledByteBufAllocator)
[2021-09-25 21:01:48,645] DEBUG -Dio.netty.allocator.maxOrder: 11 (io.netty.buffer.PooledByteBufAllocator)
[2021-09-25 21:01:48,645] DEBUG -Dio.netty.allocator.chunkSize: 16777216 (io.netty.buffer.PooledByteBufAllocator)
[2021-09-25 21:01:48,646] DEBUG -Dio.netty.allocator.smallCacheSize: 256 (io.netty.buffer.PooledByteBufAllocator)
[2021-09-25 21:01:48,646] DEBUG -Dio.netty.allocator.normalCacheSize: 64 (io.netty.buffer.PooledByteBufAllocator)
[2021-09-25 21:01:48,646] DEBUG -Dio.netty.allocator.maxCachedBufferCapacity: 32768 (io.netty.buffer.PooledByteBufAllocator)
[2021-09-25 21:01:48,646] DEBUG -Dio.netty.allocator.cacheTrimInterval: 8192 (io.netty.buffer.PooledByteBufAllocator)
[2021-09-25 21:01:48,646] DEBUG -Dio.netty.allocator.cacheTrimIntervalMillis: 0 (io.netty.buffer.PooledByteBufAllocator)
[2021-09-25 21:01:48,646] DEBUG -Dio.netty.allocator.useCacheForAllThreads: true (io.netty.buffer.PooledByteBufAllocator)
[2021-09-25 21:01:48,646] DEBUG -Dio.netty.allocator.maxCachedByteBuffersPerChunk: 1023 (io.netty.buffer.PooledByteBufAllocator)
[2021-09-25 21:01:48,652] DEBUG -Dio.netty.allocator.type: pooled (io.netty.buffer.ByteBufUtil)
[2021-09-25 21:01:48,652] DEBUG -Dio.netty.threadLocalDirectBufferSize: 0 (io.netty.buffer.ByteBufUtil)
[2021-09-25 21:01:48,652] DEBUG -Dio.netty.maxThreadLocalCharBufferSize: 16384 (io.netty.buffer.ByteBufUtil)
[2021-09-25 21:01:48,664] INFO bound to port 2181 (org.apache.zookeeper.server.NettyServerCnxnFactory)
[2021-09-25 21:01:48,664] INFO binding to port 0.0.0.0/0.0.0.0:2182 (org.apache.zookeeper.server.NettyServerCnxnFactory)
[2021-09-25 21:01:48,666] INFO bound to port 2182 (org.apache.zookeeper.server.NettyServerCnxnFactory)
[2021-09-25 21:01:48,667] DEBUG starting Server@7d61eb55{STOPPED}[9.4.43.v20210629] (org.eclipse.jetty.util.component.AbstractLifeCycle)
[2021-09-25 21:01:48,668] DEBUG Server@7d61eb55{STARTING}[9.4.43.v20210629] added {ErrorHandler@2d6764b2{STOPPED},AUTO} (org.eclipse.jetty.util.component.ContainerLifeCycle)
[2021-09-25 21:01:48,669] INFO jetty-9.4.43.v20210629; built: 2021-06-30T11:07:22.254Z; git: 526006ecfa3af7f1a27ef3a288e2bef7ea9dd7e8; jvm 11.0.12+7-LTS (org.eclipse.jetty.server.Server)
[2021-09-25 21:01:48,702] DEBUG starting Server@7d61eb55{STARTING}[9.4.43.v20210629] (org.eclipse.jetty.server.handler.AbstractHandler)
[2021-09-25 21:01:48,706] DEBUG starting QueuedThreadPool[qtp238762799]@e3b3b2f{STOPPED,8<=0<=200,i=0,r=-1,q=0}[NO_TRY] (org.eclipse.jetty.util.component.AbstractLifeCycle)
[2021-09-25 21:01:48,707] DEBUG ReservedThreadExecutor@5ef6ae06{s=0/1,p=0} (org.eclipse.jetty.util.thread.ReservedThreadExecutor)
[2021-09-25 21:01:48,707] DEBUG QueuedThreadPool[qtp238762799]@e3b3b2f{STARTING,8<=0<=200,i=0,r=-1,q=0}[ReservedThreadExecutor@5ef6ae06{s=0/1,p=0}] added {ReservedThreadExecutor@5ef6ae06{s=0/1,p=0},AUTO} (org.eclipse.jetty.util.component.ContainerLifeCycle)
[2021-09-25 21:01:48,708] DEBUG starting ReservedThreadExecutor@5ef6ae06{s=0/1,p=0} (org.eclipse.jetty.util.component.AbstractLifeCycle)
[2021-09-25 21:01:48,712] DEBUG STARTED @824ms ReservedThreadExecutor@5ef6ae06{s=0/1,p=0} (org.eclipse.jetty.util.component.AbstractLifeCycle)
[2021-09-25 21:01:48,713] DEBUG Starting Thread[qtp238762799-16,5,main] (org.eclipse.jetty.util.thread.QueuedThreadPool)
[2021-09-25 21:01:48,714] DEBUG Starting Thread[qtp238762799-17,5,main] (org.eclipse.jetty.util.thread.QueuedThreadPool)
[2021-09-25 21:01:48,714] DEBUG Runner started for QueuedThreadPool[qtp238762799]@e3b3b2f{STARTING,8<=2<=200,i=2,r=-1,q=0}[ReservedThreadExecutor@5ef6ae06{s=0/1,p=0}] (org.eclipse.jetty.util.thread.QueuedThreadPool)
[2021-09-25 21:01:48,714] DEBUG Starting Thread[qtp238762799-18,5,main] (org.eclipse.jetty.util.thread.QueuedThreadPool)
[2021-09-25 21:01:48,715] DEBUG Starting Thread[qtp238762799-19,5,main] (org.eclipse.jetty.util.thread.QueuedThreadPool)
[2021-09-25 21:01:48,715] DEBUG Starting Thread[qtp238762799-20,5,main] (org.eclipse.jetty.util.thread.QueuedThreadPool)
[2021-09-25 21:01:48,715] DEBUG Starting Thread[qtp238762799-21,5,main] (org.eclipse.jetty.util.thread.QueuedThreadPool)
[2021-09-25 21:01:48,715] DEBUG Runner started for QueuedThreadPool[qtp238762799]@e3b3b2f{STARTING,8<=6<=200,i=6,r=-1,q=0}[ReservedThreadExecutor@5ef6ae06{s=0/1,p=0}] (org.eclipse.jetty.util.thread.QueuedThreadPool)
[2021-09-25 21:01:48,716] DEBUG Runner started for QueuedThreadPool[qtp238762799]@e3b3b2f{STARTING,8<=5<=200,i=5,r=-1,q=0}[ReservedThreadExecutor@5ef6ae06{s=0/1,p=0}] (org.eclipse.jetty.util.thread.QueuedThreadPool)
[2021-09-25 21:01:48,717] DEBUG Starting Thread[qtp238762799-22,5,main] (org.eclipse.jetty.util.thread.QueuedThreadPool)
[2021-09-25 21:01:48,717] DEBUG Runner started for QueuedThreadPool[qtp238762799]@e3b3b2f{STARTING,8<=7<=200,i=7,r=-1,q=0}[ReservedThreadExecutor@5ef6ae06{s=0/1,p=0}] (org.eclipse.jetty.util.thread.QueuedThreadPool)
[2021-09-25 21:01:48,717] DEBUG Starting Thread[qtp238762799-23,5,main] (org.eclipse.jetty.util.thread.QueuedThreadPool)
[2021-09-25 21:01:48,717] DEBUG Runner started for QueuedThreadPool[qtp238762799]@e3b3b2f{STARTING,8<=8<=200,i=8,r=-1,q=0}[ReservedThreadExecutor@5ef6ae06{s=0/1,p=0}] (org.eclipse.jetty.util.thread.QueuedThreadPool)
[2021-09-25 21:01:48,717] DEBUG Runner started for QueuedThreadPool[qtp238762799]@e3b3b2f{STARTING,8<=5<=200,i=5,r=-1,q=0}[ReservedThreadExecutor@5ef6ae06{s=0/1,p=0}] (org.eclipse.jetty.util.thread.QueuedThreadPool)
[2021-09-25 21:01:48,718] DEBUG Runner started for QueuedThreadPool[qtp238762799]@e3b3b2f{STARTING,8<=8<=200,i=8,r=-1,q=0}[ReservedThreadExecutor@5ef6ae06{s=0/1,p=0}] (org.eclipse.jetty.util.thread.QueuedThreadPool)
[2021-09-25 21:01:48,718] DEBUG STARTED @830ms QueuedThreadPool[qtp238762799]@e3b3b2f{STARTED,8<=8<=200,i=8,r=-1,q=0}[ReservedThreadExecutor@5ef6ae06{s=0/1,p=0}] (org.eclipse.jetty.util.component.AbstractLifeCycle)
[2021-09-25 21:01:48,718] DEBUG starting o.e.j.s.ServletContextHandler@63eef88a{/,null,STOPPED} (org.eclipse.jetty.util.component.AbstractLifeCycle)
[2021-09-25 21:01:48,719] DEBUG Runner started for QueuedThreadPool[qtp238762799]@e3b3b2f{STARTED,8<=8<=200,i=8,r=-1,q=0}[ReservedThreadExecutor@5ef6ae06{s=0/1,p=0}] (org.eclipse.jetty.util.thread.QueuedThreadPool)
[2021-09-25 21:01:48,723] DEBUG HttpField encoders loaded: [org.eclipse.jetty.http.Http1FieldPreEncoder@10ded6a9] (org.eclipse.jetty.http.PreEncodedHttpField)
[2021-09-25 21:01:48,729] DEBUG starting o.e.j.s.ServletContextHandler@63eef88a{/,null,STARTING} (org.eclipse.jetty.server.handler.AbstractHandler)
[2021-09-25 21:01:48,729] DEBUG starting org.eclipse.jetty.server.session.SessionHandler1394940518==dftMaxIdleSec=-1 (org.eclipse.jetty.util.component.AbstractLifeCycle)
[2021-09-25 21:01:48,731] DEBUG org.eclipse.jetty.server.session.SessionHandler1394940518==dftMaxIdleSec=-1 added {org.eclipse.jetty.server.session.DefaultSessionCache@1d730606[evict=-1,removeUnloadable=false,saveOnCreate=false,saveOnInactiveEvict=false],AUTO} (org.eclipse.jetty.util.component.ContainerLifeCycle)
[2021-09-25 21:01:48,732] DEBUG org.eclipse.jetty.server.session.DefaultSessionCache@1d730606[evict=-1,removeUnloadable=false,saveOnCreate=false,saveOnInactiveEvict=false] added {org.eclipse.jetty.server.session.NullSessionDataStore@59f63e24[passivating=false,graceSec=3600],AUTO} (org.eclipse.jetty.util.component.ContainerLifeCycle)
[2021-09-25 21:01:48,734] DEBUG starting DefaultSessionIdManager@41dd05a{STOPPED}[worker=null] (org.eclipse.jetty.util.component.AbstractLifeCycle)
[2021-09-25 21:01:48,734] INFO DefaultSessionIdManager workerName=node0 (org.eclipse.jetty.server.session)
[2021-09-25 21:01:48,734] INFO No SessionScavenger set, using defaults (org.eclipse.jetty.server.session)
[2021-09-25 21:01:48,735] DEBUG DefaultSessionIdManager@41dd05a{STARTING}[worker=node0] added {HouseKeeper@1b765a2c{STOPPED}[interval=600000, ownscheduler=false],MANAGED} (org.eclipse.jetty.util.component.ContainerLifeCycle)
[2021-09-25 21:01:48,735] DEBUG starting HouseKeeper@1b765a2c{STOPPED}[interval=600000, ownscheduler=false] (org.eclipse.jetty.util.component.AbstractLifeCycle)
[2021-09-25 21:01:48,736] DEBUG starting ScheduledExecutorScheduler@2e8e8225{STOPPED} (org.eclipse.jetty.util.component.AbstractLifeCycle)
[2021-09-25 21:01:48,736] DEBUG STARTED @848ms ScheduledExecutorScheduler@2e8e8225{STARTED} (org.eclipse.jetty.util.component.AbstractLifeCycle)
[2021-09-25 21:01:48,737] DEBUG Using own scheduler for scavenging (org.eclipse.jetty.server.session)
[2021-09-25 21:01:48,737] INFO node0 Scavenging every 600000ms (org.eclipse.jetty.server.session)
[2021-09-25 21:01:48,739] DEBUG STARTED @851ms HouseKeeper@1b765a2c{STARTED}[interval=600000, ownscheduler=true] (org.eclipse.jetty.util.component.AbstractLifeCycle)
[2021-09-25 21:01:48,739] DEBUG STARTED @851ms DefaultSessionIdManager@41dd05a{STARTED}[worker=node0] (org.eclipse.jetty.util.component.AbstractLifeCycle)
[2021-09-25 21:01:48,739] DEBUG Server@7d61eb55{STARTING}[9.4.43.v20210629] added {DefaultSessionIdManager@41dd05a{STARTED}[worker=node0],MANAGED} (org.eclipse.jetty.util.component.ContainerLifeCycle)
[2021-09-25 21:01:48,740] DEBUG org.eclipse.jetty.server.session.SessionHandler1394940518==dftMaxIdleSec=-1 added {DefaultSessionIdManager@41dd05a{STARTED}[worker=node0],UNMANAGED} (org.eclipse.jetty.util.component.ContainerLifeCycle)
[2021-09-25 21:01:48,740] DEBUG starting ScheduledExecutorScheduler@5911e990{STOPPED} (org.eclipse.jetty.util.component.AbstractLifeCycle)
[2021-09-25 21:01:48,740] DEBUG STARTED @852ms ScheduledExecutorScheduler@5911e990{STARTED} (org.eclipse.jetty.util.component.AbstractLifeCycle)
[2021-09-25 21:01:48,741] DEBUG starting org.eclipse.jetty.server.session.SessionHandler1394940518==dftMaxIdleSec=-1 (org.eclipse.jetty.server.handler.AbstractHandler)
[2021-09-25 21:01:48,741] DEBUG starting ConstraintSecurityHandler@1bd39d3c{STOPPED} (org.eclipse.jetty.util.component.AbstractLifeCycle)
[2021-09-25 21:01:48,743] WARN ServletContext@o.e.j.s.ServletContextHandler@63eef88a{/,null,STARTING} has uncovered http methods for path: /* (org.eclipse.jetty.security.SecurityHandler)
[2021-09-25 21:01:48,743] DEBUG  (org.eclipse.jetty.security.SecurityHandler)
java.lang.Throwable
	at org.eclipse.jetty.security.ConstraintSecurityHandler.checkPathsWithUncoveredHttpMethods(ConstraintSecurityHandler.java:762)
	at org.eclipse.jetty.security.ConstraintSecurityHandler.doStart(ConstraintSecurityHandler.java:415)
	at org.eclipse.jetty.util.component.AbstractLifeCycle.start(AbstractLifeCycle.java:73)
	at org.eclipse.jetty.util.component.ContainerLifeCycle.start(ContainerLifeCycle.java:169)
	at org.eclipse.jetty.util.component.ContainerLifeCycle.doStart(ContainerLifeCycle.java:110)
	at org.eclipse.jetty.server.handler.AbstractHandler.doStart(AbstractHandler.java:97)
	at org.eclipse.jetty.server.handler.ScopedHandler.doStart(ScopedHandler.java:120)
	at org.eclipse.jetty.server.session.SessionHandler.doStart(SessionHandler.java:505)
	at org.eclipse.jetty.util.component.AbstractLifeCycle.start(AbstractLifeCycle.java:73)
	at org.eclipse.jetty.util.component.ContainerLifeCycle.start(ContainerLifeCycle.java:169)
	at org.eclipse.jetty.util.component.ContainerLifeCycle.doStart(ContainerLifeCycle.java:110)
	at org.eclipse.jetty.server.handler.AbstractHandler.doStart(AbstractHandler.java:97)
	at org.eclipse.jetty.server.handler.ScopedHandler.doStart(ScopedHandler.java:120)
	at org.eclipse.jetty.server.handler.ContextHandler.startContext(ContextHandler.java:969)
	at org.eclipse.jetty.servlet.ServletContextHandler.startContext(ServletContextHandler.java:375)
	at org.eclipse.jetty.server.handler.ContextHandler.doStart(ContextHandler.java:910)
	at org.eclipse.jetty.servlet.ServletContextHandler.doStart(ServletContextHandler.java:288)
	at org.eclipse.jetty.util.component.AbstractLifeCycle.start(AbstractLifeCycle.java:73)
	at org.eclipse.jetty.util.component.ContainerLifeCycle.start(ContainerLifeCycle.java:169)
	at org.eclipse.jetty.server.Server.start(Server.java:423)
	at org.eclipse.jetty.util.component.ContainerLifeCycle.doStart(ContainerLifeCycle.java:110)
	at org.eclipse.jetty.server.handler.AbstractHandler.doStart(AbstractHandler.java:97)
	at org.eclipse.jetty.server.Server.doStart(Server.java:387)
	at org.eclipse.jetty.util.component.AbstractLifeCycle.start(AbstractLifeCycle.java:73)
	at org.apache.zookeeper.server.admin.JettyAdminServer.start(JettyAdminServer.java:107)
	at org.apache.zookeeper.server.quorum.QuorumPeer.start(QuorumPeer.java:893)
	at org.apache.zookeeper.server.quorum.QuorumPeerMain.runFromConfig(QuorumPeerMain.java:205)
	at org.apache.zookeeper.server.quorum.QuorumPeerMain.initializeAndRun(QuorumPeerMain.java:123)
	at org.apache.zookeeper.server.quorum.QuorumPeerMain.main(QuorumPeerMain.java:82)
[2021-09-25 21:01:48,745] DEBUG starting ConstraintSecurityHandler@1bd39d3c{STARTING} (org.eclipse.jetty.server.handler.AbstractHandler)
[2021-09-25 21:01:48,745] DEBUG starting ServletHandler@71e693fa{STOPPED} (org.eclipse.jetty.util.component.AbstractLifeCycle)
[2021-09-25 21:01:48,748] DEBUG Path=/commands/*[EMBEDDED:null] mapped to servlet=org.apache.zookeeper.server.admin.JettyAdminServer$CommandServlet-181e731e[EMBEDDED:null] (org.eclipse.jetty.servlet.ServletHandler)
[2021-09-25 21:01:48,751] DEBUG Added MappedResource[pathSpec=ServletPathSpec@84ba5ff1{/commands/*},resource=org.apache.zookeeper.server.admin.JettyAdminServer$CommandServlet-181e731e==org.apache.zookeeper.server.admin.JettyAdminServer$CommandServlet@52c1bac0{jsp=null,order=-1,inst=false,async=true,src=EMBEDDED:null,STOPPED}] to PathMappings[size=1] (org.eclipse.jetty.http.pathmap.PathMappings)
[2021-09-25 21:01:48,751] DEBUG filterNameMap={} (org.eclipse.jetty.servlet.ServletHandler)
[2021-09-25 21:01:48,751] DEBUG pathFilters=null (org.eclipse.jetty.servlet.ServletHandler)
[2021-09-25 21:01:48,751] DEBUG servletFilterMap=null (org.eclipse.jetty.servlet.ServletHandler)
[2021-09-25 21:01:48,751] DEBUG servletPathMap=PathMappings[size=1] (org.eclipse.jetty.servlet.ServletHandler)
[2021-09-25 21:01:48,751] DEBUG servletNameMap={org.apache.zookeeper.server.admin.JettyAdminServer$CommandServlet-181e731e=org.apache.zookeeper.server.admin.JettyAdminServer$CommandServlet-181e731e==org.apache.zookeeper.server.admin.JettyAdminServer$CommandServlet@52c1bac0{jsp=null,order=-1,inst=false,async=true,src=EMBEDDED:null,STOPPED}} (org.eclipse.jetty.servlet.ServletHandler)
[2021-09-25 21:01:48,751] DEBUG Adding Default404Servlet to ServletHandler@71e693fa{STARTING} (org.eclipse.jetty.servlet.ServletHandler)
[2021-09-25 21:01:48,752] DEBUG ServletHandler@71e693fa{STARTING} added {org.eclipse.jetty.servlet.ServletHandler$Default404Servlet-4aa83f4f==org.eclipse.jetty.servlet.ServletHandler$Default404Servlet@2ad6477d{jsp=null,order=-1,inst=false,async=true,src=EMBEDDED:null,STOPPED},AUTO} (org.eclipse.jetty.util.component.ContainerLifeCycle)
[2021-09-25 21:01:48,752] DEBUG ServletHandler@71e693fa{STARTING} added {[/]=>org.eclipse.jetty.servlet.ServletHandler$Default404Servlet-4aa83f4f,POJO} (org.eclipse.jetty.util.component.ContainerLifeCycle)
[2021-09-25 21:01:48,752] DEBUG Path=/commands/*[EMBEDDED:null] mapped to servlet=org.apache.zookeeper.server.admin.JettyAdminServer$CommandServlet-181e731e[EMBEDDED:null] (org.eclipse.jetty.servlet.ServletHandler)
[2021-09-25 21:01:48,752] DEBUG Added MappedResource[pathSpec=ServletPathSpec@84ba5ff1{/commands/*},resource=org.apache.zookeeper.server.admin.JettyAdminServer$CommandServlet-181e731e==org.apache.zookeeper.server.admin.JettyAdminServer$CommandServlet@52c1bac0{jsp=null,order=-1,inst=false,async=true,src=EMBEDDED:null,STOPPED}] to PathMappings[size=1] (org.eclipse.jetty.http.pathmap.PathMappings)
[2021-09-25 21:01:48,752] DEBUG Path=/[EMBEDDED:null] mapped to servlet=org.eclipse.jetty.servlet.ServletHandler$Default404Servlet-4aa83f4f[EMBEDDED:null] (org.eclipse.jetty.servlet.ServletHandler)
[2021-09-25 21:01:48,753] DEBUG Added MappedResource[pathSpec=ServletPathSpec@4e{/},resource=org.eclipse.jetty.servlet.ServletHandler$Default404Servlet-4aa83f4f==org.eclipse.jetty.servlet.ServletHandler$Default404Servlet@2ad6477d{jsp=null,order=-1,inst=false,async=true,src=EMBEDDED:null,STOPPED}] to PathMappings[size=2] (org.eclipse.jetty.http.pathmap.PathMappings)
[2021-09-25 21:01:48,753] DEBUG filterNameMap={} (org.eclipse.jetty.servlet.ServletHandler)
[2021-09-25 21:01:48,753] DEBUG pathFilters=null (org.eclipse.jetty.servlet.ServletHandler)
[2021-09-25 21:01:48,753] DEBUG servletFilterMap=null (org.eclipse.jetty.servlet.ServletHandler)
[2021-09-25 21:01:48,753] DEBUG servletPathMap=PathMappings[size=2] (org.eclipse.jetty.servlet.ServletHandler)
[2021-09-25 21:01:48,753] DEBUG servletNameMap={org.apache.zookeeper.server.admin.JettyAdminServer$CommandServlet-181e731e=org.apache.zookeeper.server.admin.JettyAdminServer$CommandServlet-181e731e==org.apache.zookeeper.server.admin.JettyAdminServer$CommandServlet@52c1bac0{jsp=null,order=-1,inst=false,async=true,src=EMBEDDED:null,STOPPED}, org.eclipse.jetty.servlet.ServletHandler$Default404Servlet-4aa83f4f=org.eclipse.jetty.servlet.ServletHandler$Default404Servlet-4aa83f4f==org.eclipse.jetty.servlet.ServletHandler$Default404Servlet@2ad6477d{jsp=null,order=-1,inst=false,async=true,src=EMBEDDED:null,STOPPED}} (org.eclipse.jetty.servlet.ServletHandler)
[2021-09-25 21:01:48,753] DEBUG Path=/commands/*[EMBEDDED:null] mapped to servlet=org.apache.zookeeper.server.admin.JettyAdminServer$CommandServlet-181e731e[EMBEDDED:null] (org.eclipse.jetty.servlet.ServletHandler)
[2021-09-25 21:01:48,754] DEBUG Added MappedResource[pathSpec=ServletPathSpec@84ba5ff1{/commands/*},resource=org.apache.zookeeper.server.admin.JettyAdminServer$CommandServlet-181e731e==org.apache.zookeeper.server.admin.JettyAdminServer$CommandServlet@52c1bac0{jsp=null,order=-1,inst=false,async=true,src=EMBEDDED:null,STOPPED}] to PathMappings[size=1] (org.eclipse.jetty.http.pathmap.PathMappings)
[2021-09-25 21:01:48,754] DEBUG Path=/[EMBEDDED:null] mapped to servlet=org.eclipse.jetty.servlet.ServletHandler$Default404Servlet-4aa83f4f[EMBEDDED:null] (org.eclipse.jetty.servlet.ServletHandler)
[2021-09-25 21:01:48,754] DEBUG Added MappedResource[pathSpec=ServletPathSpec@4e{/},resource=org.eclipse.jetty.servlet.ServletHandler$Default404Servlet-4aa83f4f==org.eclipse.jetty.servlet.ServletHandler$Default404Servlet@2ad6477d{jsp=null,order=-1,inst=false,async=true,src=EMBEDDED:null,STOPPED}] to PathMappings[size=2] (org.eclipse.jetty.http.pathmap.PathMappings)
[2021-09-25 21:01:48,754] DEBUG filterNameMap={} (org.eclipse.jetty.servlet.ServletHandler)
[2021-09-25 21:01:48,754] DEBUG pathFilters=null (org.eclipse.jetty.servlet.ServletHandler)
[2021-09-25 21:01:48,754] DEBUG servletFilterMap=null (org.eclipse.jetty.servlet.ServletHandler)
[2021-09-25 21:01:48,754] DEBUG servletPathMap=PathMappings[size=2] (org.eclipse.jetty.servlet.ServletHandler)
[2021-09-25 21:01:48,755] DEBUG servletNameMap={org.apache.zookeeper.server.admin.JettyAdminServer$CommandServlet-181e731e=org.apache.zookeeper.server.admin.JettyAdminServer$CommandServlet-181e731e==org.apache.zookeeper.server.admin.JettyAdminServer$CommandServlet@52c1bac0{jsp=null,order=-1,inst=false,async=true,src=EMBEDDED:null,STOPPED}, org.eclipse.jetty.servlet.ServletHandler$Default404Servlet-4aa83f4f=org.eclipse.jetty.servlet.ServletHandler$Default404Servlet-4aa83f4f==org.eclipse.jetty.servlet.ServletHandler$Default404Servlet@2ad6477d{jsp=null,order=-1,inst=false,async=true,src=EMBEDDED:null,STOPPED}} (org.eclipse.jetty.servlet.ServletHandler)
[2021-09-25 21:01:48,755] DEBUG starting ServletHandler@71e693fa{STARTING} (org.eclipse.jetty.server.handler.AbstractHandler)
[2021-09-25 21:01:48,755] DEBUG STARTED @867ms ServletHandler@71e693fa{STARTED} (org.eclipse.jetty.util.component.AbstractLifeCycle)
[2021-09-25 21:01:48,755] DEBUG STARTED @867ms ConstraintSecurityHandler@1bd39d3c{STARTED} (org.eclipse.jetty.util.component.AbstractLifeCycle)
[2021-09-25 21:01:48,756] DEBUG starting org.eclipse.jetty.server.session.DefaultSessionCache@1d730606[evict=-1,removeUnloadable=false,saveOnCreate=false,saveOnInactiveEvict=false] (org.eclipse.jetty.util.component.AbstractLifeCycle)
[2021-09-25 21:01:48,756] DEBUG starting org.eclipse.jetty.server.session.NullSessionDataStore@59f63e24[passivating=false,graceSec=3600] (org.eclipse.jetty.util.component.AbstractLifeCycle)
[2021-09-25 21:01:48,756] DEBUG STARTED @868ms org.eclipse.jetty.server.session.NullSessionDataStore@59f63e24[passivating=false,graceSec=3600] (org.eclipse.jetty.util.component.AbstractLifeCycle)
[2021-09-25 21:01:48,756] DEBUG STARTED @868ms org.eclipse.jetty.server.session.DefaultSessionCache@1d730606[evict=-1,removeUnloadable=false,saveOnCreate=false,saveOnInactiveEvict=false] (org.eclipse.jetty.util.component.AbstractLifeCycle)
[2021-09-25 21:01:48,756] DEBUG STARTED @868ms org.eclipse.jetty.server.session.SessionHandler1394940518==dftMaxIdleSec=-1 (org.eclipse.jetty.util.component.AbstractLifeCycle)
[2021-09-25 21:01:48,760] DEBUG starting org.apache.zookeeper.server.admin.JettyAdminServer$CommandServlet-181e731e==org.apache.zookeeper.server.admin.JettyAdminServer$CommandServlet@52c1bac0{jsp=null,order=-1,inst=false,async=true,src=EMBEDDED:null,STOPPED} (org.eclipse.jetty.util.component.AbstractLifeCycle)
[2021-09-25 21:01:48,761] DEBUG STARTED @873ms org.apache.zookeeper.server.admin.JettyAdminServer$CommandServlet-181e731e==org.apache.zookeeper.server.admin.JettyAdminServer$CommandServlet@52c1bac0{jsp=null,order=-1,inst=false,async=true,src=EMBEDDED:null,STARTED} (org.eclipse.jetty.util.component.AbstractLifeCycle)
[2021-09-25 21:01:48,763] DEBUG Servlet.init null for org.apache.zookeeper.server.admin.JettyAdminServer$CommandServlet-181e731e (org.eclipse.jetty.servlet.ServletHolder)
[2021-09-25 21:01:48,763] DEBUG starting org.eclipse.jetty.servlet.ServletHandler$Default404Servlet-4aa83f4f==org.eclipse.jetty.servlet.ServletHandler$Default404Servlet@2ad6477d{jsp=null,order=-1,inst=false,async=true,src=EMBEDDED:null,STOPPED} (org.eclipse.jetty.util.component.AbstractLifeCycle)
[2021-09-25 21:01:48,764] DEBUG STARTED @875ms org.eclipse.jetty.servlet.ServletHandler$Default404Servlet-4aa83f4f==org.eclipse.jetty.servlet.ServletHandler$Default404Servlet@2ad6477d{jsp=null,order=-1,inst=false,async=true,src=EMBEDDED:null,STARTED} (org.eclipse.jetty.util.component.AbstractLifeCycle)
[2021-09-25 21:01:48,764] INFO Started o.e.j.s.ServletContextHandler@63eef88a{/,null,AVAILABLE} (org.eclipse.jetty.server.handler.ContextHandler)
[2021-09-25 21:01:48,764] DEBUG STARTED @876ms o.e.j.s.ServletContextHandler@63eef88a{/,null,AVAILABLE} (org.eclipse.jetty.util.component.AbstractLifeCycle)
[2021-09-25 21:01:48,764] DEBUG starting ErrorHandler@2d6764b2{STOPPED} (org.eclipse.jetty.util.component.AbstractLifeCycle)
[2021-09-25 21:01:48,764] DEBUG starting ErrorHandler@2d6764b2{STARTING} (org.eclipse.jetty.server.handler.AbstractHandler)
[2021-09-25 21:01:48,765] DEBUG STARTED @877ms ErrorHandler@2d6764b2{STARTED} (org.eclipse.jetty.util.component.AbstractLifeCycle)
[2021-09-25 21:01:48,765] DEBUG starting ServerConnector@44a59da3{HTTP/1.1, (http/1.1)}{0.0.0.0:8080} (org.eclipse.jetty.util.component.AbstractLifeCycle)
[2021-09-25 21:01:48,766] DEBUG ServerConnector@44a59da3{HTTP/1.1, (http/1.1)}{0.0.0.0:8080} added {sun.nio.ch.ServerSocketChannelImpl[/0.0.0.0:8080],POJO} (org.eclipse.jetty.util.component.ContainerLifeCycle)
[2021-09-25 21:01:48,767] DEBUG starting ScheduledExecutorScheduler@421e361{STOPPED} (org.eclipse.jetty.util.component.AbstractLifeCycle)
[2021-09-25 21:01:48,767] DEBUG STARTED @879ms ScheduledExecutorScheduler@421e361{STARTED} (org.eclipse.jetty.util.component.AbstractLifeCycle)
[2021-09-25 21:01:48,768] DEBUG starting HttpConnectionFactory@24c4ddae[HTTP/1.1] (org.eclipse.jetty.util.component.AbstractLifeCycle)
[2021-09-25 21:01:48,768] DEBUG STARTED @880ms HttpConnectionFactory@24c4ddae[HTTP/1.1] (org.eclipse.jetty.util.component.AbstractLifeCycle)
[2021-09-25 21:01:48,768] DEBUG starting SelectorManager@ServerConnector@44a59da3{HTTP/1.1, (http/1.1)}{0.0.0.0:8080} (org.eclipse.jetty.util.component.AbstractLifeCycle)
[2021-09-25 21:01:48,776] DEBUG EatWhatYouKill@2d36e77e/SelectorProducer@c2db68f/IDLE/p=false/QueuedThreadPool[qtp238762799]@e3b3b2f{STARTED,8<=8<=200,i=8,r=-1,q=0}[ReservedThreadExecutor@5ef6ae06{s=0/1,p=0}][pc=0,pic=0,pec=0,epc=0]@2021-09-25T21:01:48.775469Z added {SelectorProducer@c2db68f,POJO} (org.eclipse.jetty.util.component.ContainerLifeCycle)
[2021-09-25 21:01:48,777] DEBUG EatWhatYouKill@2d36e77e/SelectorProducer@c2db68f/IDLE/p=false/QueuedThreadPool[qtp238762799]@e3b3b2f{STARTED,8<=8<=200,i=8,r=-1,q=0}[ReservedThreadExecutor@5ef6ae06{s=0/1,p=0}][pc=0,pic=0,pec=0,epc=0]@2021-09-25T21:01:48.777137Z added {QueuedThreadPool[qtp238762799]@e3b3b2f{STARTED,8<=8<=200,i=8,r=-1,q=0}[ReservedThreadExecutor@5ef6ae06{s=0/1,p=0}],UNMANAGED} (org.eclipse.jetty.util.component.ContainerLifeCycle)
[2021-09-25 21:01:48,777] DEBUG EatWhatYouKill@2d36e77e/SelectorProducer@c2db68f/IDLE/p=false/QueuedThreadPool[qtp238762799]@e3b3b2f{STARTED,8<=8<=200,i=8,r=-1,q=0}[ReservedThreadExecutor@5ef6ae06{s=0/1,p=0}][pc=0,pic=0,pec=0,epc=0]@2021-09-25T21:01:48.777769Z created (org.eclipse.jetty.util.thread.strategy.EatWhatYouKill)
[2021-09-25 21:01:48,778] DEBUG ManagedSelector@3d9f6567{STOPPED} id=0 keys=-1 selected=-1 updates=0 added {EatWhatYouKill@2d36e77e/SelectorProducer@c2db68f/IDLE/p=false/QueuedThreadPool[qtp238762799]@e3b3b2f{STARTED,8<=8<=200,i=8,r=-1,q=0}[ReservedThreadExecutor@5ef6ae06{s=0/1,p=0}][pc=0,pic=0,pec=0,epc=0]@2021-09-25T21:01:48.778319Z,MANAGED} (org.eclipse.jetty.util.component.ContainerLifeCycle)
[2021-09-25 21:01:48,778] DEBUG SelectorManager@ServerConnector@44a59da3{HTTP/1.1, (http/1.1)}{0.0.0.0:8080} added {ManagedSelector@3d9f6567{STOPPED} id=0 keys=-1 selected=-1 updates=0,AUTO} (org.eclipse.jetty.util.component.ContainerLifeCycle)
[2021-09-25 21:01:48,779] DEBUG starting ManagedSelector@3d9f6567{STOPPED} id=0 keys=-1 selected=-1 updates=0 (org.eclipse.jetty.util.component.AbstractLifeCycle)
[2021-09-25 21:01:48,779] DEBUG starting EatWhatYouKill@2d36e77e/SelectorProducer@c2db68f/IDLE/p=false/QueuedThreadPool[qtp238762799]@e3b3b2f{STARTED,8<=8<=200,i=8,r=-1,q=0}[ReservedThreadExecutor@5ef6ae06{s=0/1,p=0}][pc=0,pic=0,pec=0,epc=0]@2021-09-25T21:01:48.779502Z (org.eclipse.jetty.util.component.AbstractLifeCycle)
[2021-09-25 21:01:48,780] DEBUG STARTED @891ms EatWhatYouKill@2d36e77e/SelectorProducer@c2db68f/IDLE/p=false/QueuedThreadPool[qtp238762799]@e3b3b2f{STARTED,8<=8<=200,i=8,r=-1,q=0}[ReservedThreadExecutor@5ef6ae06{s=0/1,p=0}][pc=0,pic=0,pec=0,epc=0]@2021-09-25T21:01:48.779992Z (org.eclipse.jetty.util.component.AbstractLifeCycle)
[2021-09-25 21:01:48,781] DEBUG queue org.eclipse.jetty.io.ManagedSelector$$Lambda$149/0x0000000100242840@35e5d0e5 startThread=0 (org.eclipse.jetty.util.thread.QueuedThreadPool)
[2021-09-25 21:01:48,781] DEBUG run org.eclipse.jetty.io.ManagedSelector$$Lambda$149/0x0000000100242840@35e5d0e5 in QueuedThreadPool[qtp238762799]@e3b3b2f{STARTED,8<=8<=200,i=7,r=-1,q=0}[ReservedThreadExecutor@5ef6ae06{s=0/1,p=0}] (org.eclipse.jetty.util.thread.QueuedThreadPool)
[2021-09-25 21:01:48,782] DEBUG Queued change lazy=false org.eclipse.jetty.io.ManagedSelector$Start@655ef322 on ManagedSelector@3d9f6567{STARTING} id=0 keys=0 selected=0 updates=0 (org.eclipse.jetty.io.ManagedSelector)
[2021-09-25 21:01:48,782] DEBUG EatWhatYouKill@2d36e77e/SelectorProducer@c2db68f/IDLE/p=false/QueuedThreadPool[qtp238762799]@e3b3b2f{STARTED,8<=8<=200,i=7,r=-1,q=0}[ReservedThreadExecutor@5ef6ae06{s=0/1,p=0}][pc=0,pic=0,pec=0,epc=0]@2021-09-25T21:01:48.782084Z tryProduce false (org.eclipse.jetty.util.thread.strategy.EatWhatYouKill)
[2021-09-25 21:01:48,783] DEBUG updateable 1 (org.eclipse.jetty.io.ManagedSelector)
[2021-09-25 21:01:48,783] DEBUG update org.eclipse.jetty.io.ManagedSelector$Start@655ef322 (org.eclipse.jetty.io.ManagedSelector)
[2021-09-25 21:01:48,783] DEBUG updates 0 (org.eclipse.jetty.io.ManagedSelector)
[2021-09-25 21:01:48,783] DEBUG Selector sun.nio.ch.EPollSelectorImpl@192f158b waiting with 0 keys (org.eclipse.jetty.io.ManagedSelector)
[2021-09-25 21:01:48,784] DEBUG STARTED @896ms ManagedSelector@3d9f6567{STARTED} id=0 keys=0 selected=0 updates=0 (org.eclipse.jetty.util.component.AbstractLifeCycle)
[2021-09-25 21:01:48,784] DEBUG STARTED @896ms SelectorManager@ServerConnector@44a59da3{HTTP/1.1, (http/1.1)}{0.0.0.0:8080} (org.eclipse.jetty.util.component.AbstractLifeCycle)
[2021-09-25 21:01:48,785] DEBUG ServerConnector@44a59da3{HTTP/1.1, (http/1.1)}{0.0.0.0:8080} added {acceptor-0@4233e892,POJO} (org.eclipse.jetty.util.component.ContainerLifeCycle)
[2021-09-25 21:01:48,785] DEBUG queue acceptor-0@4233e892 startThread=0 (org.eclipse.jetty.util.thread.QueuedThreadPool)
[2021-09-25 21:01:48,785] DEBUG run acceptor-0@4233e892 in QueuedThreadPool[qtp238762799]@e3b3b2f{STARTED,8<=8<=200,i=6,r=-1,q=0}[ReservedThreadExecutor@5ef6ae06{s=0/1,p=0}] (org.eclipse.jetty.util.thread.QueuedThreadPool)
[2021-09-25 21:01:48,785] INFO Started ServerConnector@44a59da3{HTTP/1.1, (http/1.1)}{0.0.0.0:8080} (org.eclipse.jetty.server.AbstractConnector)
[2021-09-25 21:01:48,786] DEBUG STARTED @898ms ServerConnector@44a59da3{HTTP/1.1, (http/1.1)}{0.0.0.0:8080} (org.eclipse.jetty.util.component.AbstractLifeCycle)
[2021-09-25 21:01:48,786] INFO Started @898ms (org.eclipse.jetty.server.Server)
[2021-09-25 21:01:48,786] DEBUG STARTED @898ms Server@7d61eb55{STARTED}[9.4.43.v20210629] (org.eclipse.jetty.util.component.AbstractLifeCycle)
[2021-09-25 21:01:48,786] INFO Started AdminServer on address 0.0.0.0, port 8080 and command URL /commands (org.apache.zookeeper.server.admin.JettyAdminServer)
[2021-09-25 21:01:48,792] INFO Election port bind maximum retries is infinite (org.apache.zookeeper.server.quorum.QuorumCnxManager)
[2021-09-25 21:01:48,793] DEBUG Listener thread started, myId: 1 (org.apache.zookeeper.server.quorum.QuorumCnxManager)
[2021-09-25 21:01:48,793] INFO Creating TLS-only quorum server socket (org.apache.zookeeper.server.quorum.QuorumCnxManager)
[2021-09-25 21:01:48,795] DEBUG Resolved address for zk-0.zk-hs.default.svc.cluster.local: zk-0.zk-hs.default.svc.cluster.local/10.244.2.81 (org.apache.zookeeper.server.quorum.QuorumPeer)
[2021-09-25 21:01:48,795] DEBUG Resolved address for zk-0.zk-hs.default.svc.cluster.local: zk-0.zk-hs.default.svc.cluster.local/10.244.2.81 (org.apache.zookeeper.server.quorum.QuorumPeer)
[2021-09-25 21:01:48,795] INFO 1 is accepting connections now, my election bind port: zk-0.zk-hs.default.svc.cluster.local/10.244.2.81:3888 (org.apache.zookeeper.server.quorum.QuorumCnxManager)
[2021-09-25 21:01:48,799] DEBUG Starting quorum peer (org.apache.zookeeper.server.quorum.QuorumPeer)
[2021-09-25 21:01:48,805] INFO LOOKING (org.apache.zookeeper.server.quorum.QuorumPeer)
[2021-09-25 21:01:48,806] DEBUG Initializing leader election protocol... (org.apache.zookeeper.server.quorum.QuorumPeer)
[2021-09-25 21:01:48,806] DEBUG Updating proposal: 1 (newleader), 0x0 (newzxid), -1 (oldleader), 0xffffffffffffffff (oldzxid) (org.apache.zookeeper.server.quorum.FastLeaderElection)
[2021-09-25 21:01:48,807] INFO New election. My id =  1, proposed zxid=0x0 (org.apache.zookeeper.server.quorum.FastLeaderElection)
[2021-09-25 21:01:48,807] DEBUG Sending Notification: 1 (n.leader), 0x0 (n.zxid), 0x1 (n.round), 1 (recipient), 1 (myid), 0x0 (n.peerEpoch) (org.apache.zookeeper.server.quorum.FastLeaderElection)
[2021-09-25 21:01:48,808] DEBUG Sending Notification: 1 (n.leader), 0x0 (n.zxid), 0x1 (n.round), 2 (recipient), 1 (myid), 0x0 (n.peerEpoch) (org.apache.zookeeper.server.quorum.FastLeaderElection)
[2021-09-25 21:01:48,808] DEBUG Resolved address for zk-1.zk-hs.default.svc.cluster.local: zk-1.zk-hs.default.svc.cluster.local/10.244.1.108 (org.apache.zookeeper.server.quorum.QuorumPeer)
[2021-09-25 21:01:48,808] DEBUG Resolved address for zk-1.zk-hs.default.svc.cluster.local: zk-1.zk-hs.default.svc.cluster.local/10.244.1.108 (org.apache.zookeeper.server.quorum.QuorumPeer)
[2021-09-25 21:01:48,808] DEBUG Server 1 knows 2 already, it is in the lastCommittedView (org.apache.zookeeper.server.quorum.QuorumCnxManager)
[2021-09-25 21:01:48,809] DEBUG Sending Notification: 1 (n.leader), 0x0 (n.zxid), 0x1 (n.round), 3 (recipient), 1 (myid), 0x0 (n.peerEpoch) (org.apache.zookeeper.server.quorum.FastLeaderElection)
[2021-09-25 21:01:48,809] DEBUG Receive new notification message. My id = 1 (org.apache.zookeeper.server.quorum.FastLeaderElection)
[2021-09-25 21:01:48,809] INFO Notification: 2 (message format version), 1 (n.leader), 0x0 (n.zxid), 0x1 (n.round), LOOKING (n.state), 1 (n.sid), 0x0 (n.peerEPoch), LOOKING (my state)0 (n.config version) (org.apache.zookeeper.server.quorum.FastLeaderElection)
[2021-09-25 21:01:48,810] DEBUG Opening channel to server 2 (org.apache.zookeeper.server.quorum.QuorumCnxManager)
[2021-09-25 21:01:48,810] DEBUG Resolved address for zk-2.zk-hs.default.svc.cluster.local: zk-2.zk-hs.default.svc.cluster.local/10.244.0.52 (org.apache.zookeeper.server.quorum.QuorumPeer)
[2021-09-25 21:01:48,810] DEBUG Resolved address for zk-2.zk-hs.default.svc.cluster.local: zk-2.zk-hs.default.svc.cluster.local/10.244.0.52 (org.apache.zookeeper.server.quorum.QuorumPeer)
[2021-09-25 21:01:48,810] DEBUG Server 1 knows 3 already, it is in the lastCommittedView (org.apache.zookeeper.server.quorum.QuorumCnxManager)
[2021-09-25 21:01:48,815] DEBUG Opening channel to server 3 (org.apache.zookeeper.server.quorum.QuorumCnxManager)
[2021-09-25 21:01:48,815] DEBUG id: 1, proposed id: 1, zxid: 0x0, proposed zxid: 0x0 (org.apache.zookeeper.server.quorum.FastLeaderElection)
[2021-09-25 21:01:48,815] DEBUG Adding vote: from=1, proposed leader=1, proposed zxid=0x0, proposed election epoch=0x1 (org.apache.zookeeper.server.quorum.FastLeaderElection)
[2021-09-25 21:01:48,995] INFO Received connection request from /10.244.0.52:39178 (org.apache.zookeeper.server.quorum.QuorumCnxManager)
[2021-09-25 21:01:49,000] DEBUG Sync handling of connection request received from: /10.244.0.52:39178 (org.apache.zookeeper.server.quorum.QuorumCnxManager)
[2021-09-25 21:01:49,016] DEBUG Queue size: 1 (org.apache.zookeeper.server.quorum.QuorumCnxManager)
[2021-09-25 21:01:49,016] DEBUG Queue size: 1 (org.apache.zookeeper.server.quorum.QuorumCnxManager)
[2021-09-25 21:01:49,017] DEBUG Resolved address for zk-1.zk-hs.default.svc.cluster.local: zk-1.zk-hs.default.svc.cluster.local/10.244.1.108 (org.apache.zookeeper.server.quorum.QuorumPeer)
[2021-09-25 21:01:49,017] DEBUG Resolved address for zk-1.zk-hs.default.svc.cluster.local: zk-1.zk-hs.default.svc.cluster.local/10.244.1.108 (org.apache.zookeeper.server.quorum.QuorumPeer)
[2021-09-25 21:01:49,017] DEBUG Server 1 knows 2 already, it is in the lastCommittedView (org.apache.zookeeper.server.quorum.QuorumCnxManager)
[2021-09-25 21:01:49,017] DEBUG Connection request to server id: 2 is already in progress, so skipping this request (org.apache.zookeeper.server.quorum.QuorumCnxManager)
[2021-09-25 21:01:49,017] DEBUG Resolved address for zk-2.zk-hs.default.svc.cluster.local: zk-2.zk-hs.default.svc.cluster.local/10.244.0.52 (org.apache.zookeeper.server.quorum.QuorumPeer)
[2021-09-25 21:01:49,017] DEBUG Resolved address for zk-2.zk-hs.default.svc.cluster.local: zk-2.zk-hs.default.svc.cluster.local/10.244.0.52 (org.apache.zookeeper.server.quorum.QuorumPeer)
[2021-09-25 21:01:49,017] DEBUG Server 1 knows 3 already, it is in the lastCommittedView (org.apache.zookeeper.server.quorum.QuorumCnxManager)
[2021-09-25 21:01:49,017] DEBUG Connection request to server id: 3 is already in progress, so skipping this request (org.apache.zookeeper.server.quorum.QuorumCnxManager)
[2021-09-25 21:01:49,017] INFO Notification time out: 400 (org.apache.zookeeper.server.quorum.FastLeaderElection)
[2021-09-25 21:01:49,045] DEBUG Using Java9+ optimized cipher suites for Java version 11 (org.apache.zookeeper.common.X509Util)
[2021-09-25 21:01:49,045] DEBUG Using Java9+ optimized cipher suites for Java version 11 (org.apache.zookeeper.common.X509Util)
[2021-09-25 21:01:49,054] DEBUG Setup cipher suites for client socket: [TLS_ECDHE_ECDSA_WITH_AES_128_GCM_SHA256, TLS_ECDHE_RSA_WITH_AES_128_GCM_SHA256, TLS_ECDHE_ECDSA_WITH_AES_256_GCM_SHA384, TLS_ECDHE_RSA_WITH_AES_256_GCM_SHA384, TLS_ECDHE_ECDSA_WITH_AES_128_CBC_SHA256, TLS_ECDHE_RSA_WITH_AES_128_CBC_SHA256, TLS_ECDHE_ECDSA_WITH_AES_128_CBC_SHA, TLS_ECDHE_RSA_WITH_AES_128_CBC_SHA, TLS_ECDHE_ECDSA_WITH_AES_256_CBC_SHA384, TLS_ECDHE_RSA_WITH_AES_256_CBC_SHA384, TLS_ECDHE_ECDSA_WITH_AES_256_CBC_SHA, TLS_ECDHE_RSA_WITH_AES_256_CBC_SHA] (org.apache.zookeeper.common.SSLContextAndOptions)
[2021-09-25 21:01:49,055] DEBUG Setup enabled protocols for client socket: [TLSv1.2] (org.apache.zookeeper.common.SSLContextAndOptions)
[2021-09-25 21:01:49,054] DEBUG Setup cipher suites for client socket: [TLS_ECDHE_ECDSA_WITH_AES_128_GCM_SHA256, TLS_ECDHE_RSA_WITH_AES_128_GCM_SHA256, TLS_ECDHE_ECDSA_WITH_AES_256_GCM_SHA384, TLS_ECDHE_RSA_WITH_AES_256_GCM_SHA384, TLS_ECDHE_ECDSA_WITH_AES_128_CBC_SHA256, TLS_ECDHE_RSA_WITH_AES_128_CBC_SHA256, TLS_ECDHE_ECDSA_WITH_AES_128_CBC_SHA, TLS_ECDHE_RSA_WITH_AES_128_CBC_SHA, TLS_ECDHE_ECDSA_WITH_AES_256_CBC_SHA384, TLS_ECDHE_RSA_WITH_AES_256_CBC_SHA384, TLS_ECDHE_ECDSA_WITH_AES_256_CBC_SHA, TLS_ECDHE_RSA_WITH_AES_256_CBC_SHA] (org.apache.zookeeper.common.SSLContextAndOptions)
[2021-09-25 21:01:49,057] DEBUG Setup enabled protocols for client socket: [TLSv1.2] (org.apache.zookeeper.common.SSLContextAndOptions)
[2021-09-25 21:01:49,072] DEBUG Using Java9+ optimized cipher suites for Java version 11 (org.apache.zookeeper.common.X509Util)
[2021-09-25 21:01:49,081] DEBUG -Dio.netty.buffer.checkAccessible: true (io.netty.buffer.AbstractByteBuf)
[2021-09-25 21:01:49,081] DEBUG -Dio.netty.buffer.checkBounds: true (io.netty.buffer.AbstractByteBuf)
[2021-09-25 21:01:49,082] DEBUG Loaded default ResourceLeakDetector: io.netty.util.ResourceLeakDetector@185873a3 (io.netty.util.ResourceLeakDetectorFactory)
[2021-09-25 21:01:49,099] WARN Cannot open channel to 3 at election address zk-2.zk-hs.default.svc.cluster.local/10.244.0.52:3888 (org.apache.zookeeper.server.quorum.QuorumCnxManager)
javax.net.ssl.SSLHandshakeException: Remote host terminated the handshake
	at java.base/sun.security.ssl.SSLSocketImpl.handleEOF(SSLSocketImpl.java:1616)
	at java.base/sun.security.ssl.SSLSocketImpl.decode(SSLSocketImpl.java:1434)
	at java.base/sun.security.ssl.SSLSocketImpl.readHandshakeRecord(SSLSocketImpl.java:1336)
	at java.base/sun.security.ssl.SSLSocketImpl.startHandshake(SSLSocketImpl.java:450)
	at java.base/sun.security.ssl.SSLSocketImpl.startHandshake(SSLSocketImpl.java:421)
	at org.apache.zookeeper.server.quorum.QuorumCnxManager.initiateConnection(QuorumCnxManager.java:366)
	at org.apache.zookeeper.server.quorum.QuorumCnxManager$QuorumConnectionReqThread.run(QuorumCnxManager.java:436)
	at java.base/java.util.concurrent.ThreadPoolExecutor.runWorker(ThreadPoolExecutor.java:1128)
	at java.base/java.util.concurrent.ThreadPoolExecutor$Worker.run(ThreadPoolExecutor.java:628)
	at java.base/java.lang.Thread.run(Thread.java:829)
Caused by: java.io.EOFException: SSL peer shut down incorrectly
	at java.base/sun.security.ssl.SSLSocketInputRecord.read(SSLSocketInputRecord.java:483)
	at java.base/sun.security.ssl.SSLSocketInputRecord.readHeader(SSLSocketInputRecord.java:472)
	at java.base/sun.security.ssl.SSLSocketInputRecord.decode(SSLSocketInputRecord.java:160)
	at java.base/sun.security.ssl.SSLTransport.decode(SSLTransport.java:111)
	at java.base/sun.security.ssl.SSLSocketImpl.decode(SSLSocketImpl.java:1426)
	... 8 more
[2021-09-25 21:01:49,100] WARN Exception reading or writing challenge: {} (org.apache.zookeeper.server.quorum.QuorumCnxManager)
java.io.IOException: Blocked insecure connection attempt
	at org.apache.zookeeper.server.quorum.UnifiedServerSocket$UnifiedSocket.detectMode(UnifiedServerSocket.java:281)
	at org.apache.zookeeper.server.quorum.UnifiedServerSocket$UnifiedSocket.getSocket(UnifiedServerSocket.java:301)
	at org.apache.zookeeper.server.quorum.UnifiedServerSocket$UnifiedSocket.access$400(UnifiedServerSocket.java:180)
	at org.apache.zookeeper.server.quorum.UnifiedServerSocket$UnifiedInputStream.getRealInputStream(UnifiedServerSocket.java:700)
	at org.apache.zookeeper.server.quorum.UnifiedServerSocket$UnifiedInputStream.read(UnifiedServerSocket.java:694)
	at java.base/java.io.BufferedInputStream.fill(BufferedInputStream.java:252)
	at java.base/java.io.BufferedInputStream.read1(BufferedInputStream.java:292)
	at java.base/java.io.BufferedInputStream.read(BufferedInputStream.java:351)
	at java.base/java.io.DataInputStream.readFully(DataInputStream.java:200)
	at java.base/java.io.DataInputStream.readLong(DataInputStream.java:421)
	at org.apache.zookeeper.server.quorum.QuorumCnxManager.handleConnection(QuorumCnxManager.java:571)
	at org.apache.zookeeper.server.quorum.QuorumCnxManager.receiveConnection(QuorumCnxManager.java:522)
	at org.apache.zookeeper.server.quorum.QuorumCnxManager$Listener.run(QuorumCnxManager.java:945)
[2021-09-25 21:01:49,336] INFO Received connection request from /10.244.1.108:51290 (org.apache.zookeeper.server.quorum.QuorumCnxManager)
[2021-09-25 21:01:49,337] DEBUG Sync handling of connection request received from: /10.244.1.108:51290 (org.apache.zookeeper.server.quorum.QuorumCnxManager)
[2021-09-25 21:01:49,396] DEBUG Setup cipher suites for server socket: [TLS_ECDHE_ECDSA_WITH_AES_128_GCM_SHA256, TLS_ECDHE_RSA_WITH_AES_128_GCM_SHA256, TLS_ECDHE_ECDSA_WITH_AES_256_GCM_SHA384, TLS_ECDHE_RSA_WITH_AES_256_GCM_SHA384, TLS_ECDHE_ECDSA_WITH_AES_128_CBC_SHA256, TLS_ECDHE_RSA_WITH_AES_128_CBC_SHA256, TLS_ECDHE_ECDSA_WITH_AES_128_CBC_SHA, TLS_ECDHE_RSA_WITH_AES_128_CBC_SHA, TLS_ECDHE_ECDSA_WITH_AES_256_CBC_SHA384, TLS_ECDHE_RSA_WITH_AES_256_CBC_SHA384, TLS_ECDHE_ECDSA_WITH_AES_256_CBC_SHA, TLS_ECDHE_RSA_WITH_AES_256_CBC_SHA] (org.apache.zookeeper.common.SSLContextAndOptions)
[2021-09-25 21:01:49,396] DEBUG Setup enabled protocols for server socket: [TLSv1.2] (org.apache.zookeeper.common.SSLContextAndOptions)
[2021-09-25 21:01:49,417] DEBUG Queue size: 1 (org.apache.zookeeper.server.quorum.QuorumCnxManager)
[2021-09-25 21:01:49,418] DEBUG Queue size: 1 (org.apache.zookeeper.server.quorum.QuorumCnxManager)
[2021-09-25 21:01:49,418] DEBUG Resolved address for zk-1.zk-hs.default.svc.cluster.local: zk-1.zk-hs.default.svc.cluster.local/10.244.1.108 (org.apache.zookeeper.server.quorum.QuorumPeer)
[2021-09-25 21:01:49,418] DEBUG Resolved address for zk-1.zk-hs.default.svc.cluster.local: zk-1.zk-hs.default.svc.cluster.local/10.244.1.108 (org.apache.zookeeper.server.quorum.QuorumPeer)
[2021-09-25 21:01:49,418] DEBUG Server 1 knows 2 already, it is in the lastCommittedView (org.apache.zookeeper.server.quorum.QuorumCnxManager)
[2021-09-25 21:01:49,418] DEBUG Connection request to server id: 2 is already in progress, so skipping this request (org.apache.zookeeper.server.quorum.QuorumCnxManager)
[2021-09-25 21:01:49,418] DEBUG Resolved address for zk-2.zk-hs.default.svc.cluster.local: zk-2.zk-hs.default.svc.cluster.local/10.244.0.52 (org.apache.zookeeper.server.quorum.QuorumPeer)
[2021-09-25 21:01:49,418] DEBUG Resolved address for zk-2.zk-hs.default.svc.cluster.local: zk-2.zk-hs.default.svc.cluster.local/10.244.0.52 (org.apache.zookeeper.server.quorum.QuorumPeer)
[2021-09-25 21:01:49,418] DEBUG Server 1 knows 3 already, it is in the lastCommittedView (org.apache.zookeeper.server.quorum.QuorumCnxManager)
[2021-09-25 21:01:49,418] INFO Notification time out: 800 (org.apache.zookeeper.server.quorum.FastLeaderElection)
[2021-09-25 21:01:49,423] DEBUG Opening channel to server 3 (org.apache.zookeeper.server.quorum.QuorumCnxManager)
[2021-09-25 21:01:49,424] DEBUG Setup cipher suites for client socket: [TLS_ECDHE_ECDSA_WITH_AES_128_GCM_SHA256, TLS_ECDHE_RSA_WITH_AES_128_GCM_SHA256, TLS_ECDHE_ECDSA_WITH_AES_256_GCM_SHA384, TLS_ECDHE_RSA_WITH_AES_256_GCM_SHA384, TLS_ECDHE_ECDSA_WITH_AES_128_CBC_SHA256, TLS_ECDHE_RSA_WITH_AES_128_CBC_SHA256, TLS_ECDHE_ECDSA_WITH_AES_128_CBC_SHA, TLS_ECDHE_RSA_WITH_AES_128_CBC_SHA, TLS_ECDHE_ECDSA_WITH_AES_256_CBC_SHA384, TLS_ECDHE_RSA_WITH_AES_256_CBC_SHA384, TLS_ECDHE_ECDSA_WITH_AES_256_CBC_SHA, TLS_ECDHE_RSA_WITH_AES_256_CBC_SHA] (org.apache.zookeeper.common.SSLContextAndOptions)
[2021-09-25 21:01:49,424] DEBUG Setup enabled protocols for client socket: [TLSv1.2] (org.apache.zookeeper.common.SSLContextAndOptions)
[2021-09-25 21:01:49,438] WARN Cannot open channel to 3 at election address zk-2.zk-hs.default.svc.cluster.local/10.244.0.52:3888 (org.apache.zookeeper.server.quorum.QuorumCnxManager)
javax.net.ssl.SSLHandshakeException: Remote host terminated the handshake
	at java.base/sun.security.ssl.SSLSocketImpl.handleEOF(SSLSocketImpl.java:1616)
	at java.base/sun.security.ssl.SSLSocketImpl.decode(SSLSocketImpl.java:1434)
	at java.base/sun.security.ssl.SSLSocketImpl.readHandshakeRecord(SSLSocketImpl.java:1336)
	at java.base/sun.security.ssl.SSLSocketImpl.startHandshake(SSLSocketImpl.java:450)
	at java.base/sun.security.ssl.SSLSocketImpl.startHandshake(SSLSocketImpl.java:421)
	at org.apache.zookeeper.server.quorum.QuorumCnxManager.initiateConnection(QuorumCnxManager.java:366)
	at org.apache.zookeeper.server.quorum.QuorumCnxManager$QuorumConnectionReqThread.run(QuorumCnxManager.java:436)
	at java.base/java.util.concurrent.ThreadPoolExecutor.runWorker(ThreadPoolExecutor.java:1128)
	at java.base/java.util.concurrent.ThreadPoolExecutor$Worker.run(ThreadPoolExecutor.java:628)
	at java.base/java.lang.Thread.run(Thread.java:829)
Caused by: java.io.EOFException: SSL peer shut down incorrectly
	at java.base/sun.security.ssl.SSLSocketInputRecord.read(SSLSocketInputRecord.java:483)
	at java.base/sun.security.ssl.SSLSocketInputRecord.readHeader(SSLSocketInputRecord.java:472)
	at java.base/sun.security.ssl.SSLSocketInputRecord.decode(SSLSocketInputRecord.java:160)
	at java.base/sun.security.ssl.SSLTransport.decode(SSLTransport.java:111)
	at java.base/sun.security.ssl.SSLSocketImpl.decode(SSLSocketImpl.java:1426)
	... 8 more
[2021-09-25 21:01:49,650] INFO SSL handshake complete with zk-1.zk-hs.default.svc.cluster.local/10.244.1.108:3888 - TLSv1.2 - TLS_ECDHE_RSA_WITH_AES_128_GCM_SHA256 (org.apache.zookeeper.server.quorum.QuorumCnxManager)
[2021-09-25 21:01:49,650] DEBUG Connected to server 2 (org.apache.zookeeper.server.quorum.QuorumCnxManager)
[2021-09-25 21:01:49,650] DEBUG startConnection (myId:1 --> sid:2) (org.apache.zookeeper.server.quorum.QuorumCnxManager)
[2021-09-25 21:01:49,651] INFO Have smaller server identifier, so dropping the connection: (myId:1 --> sid:2) (org.apache.zookeeper.server.quorum.QuorumCnxManager)
[2021-09-25 21:01:49,657] INFO Accepted TLS connection from /10.244.1.108:51290 - TLSv1.2 - TLS_ECDHE_RSA_WITH_AES_128_GCM_SHA256 (org.apache.zookeeper.server.quorum.UnifiedServerSocket)
[2021-09-25 21:01:49,659] DEBUG Address of remote peer: 2 (org.apache.zookeeper.server.quorum.QuorumCnxManager)
[2021-09-25 21:01:49,660] DEBUG SendWorker thread started towards 2. myId: 1 (org.apache.zookeeper.server.quorum.QuorumCnxManager)
[2021-09-25 21:01:49,660] DEBUG RecvWorker thread towards 2 started. myId: 1 (org.apache.zookeeper.server.quorum.QuorumCnxManager)
[2021-09-25 21:01:49,660] INFO Received connection request from /10.244.0.52:39184 (org.apache.zookeeper.server.quorum.QuorumCnxManager)
[2021-09-25 21:01:49,660] DEBUG Sync handling of connection request received from: /10.244.0.52:39184 (org.apache.zookeeper.server.quorum.QuorumCnxManager)
[2021-09-25 21:01:49,661] WARN Exception reading or writing challenge: {} (org.apache.zookeeper.server.quorum.QuorumCnxManager)
java.io.IOException: Blocked insecure connection attempt
	at org.apache.zookeeper.server.quorum.UnifiedServerSocket$UnifiedSocket.detectMode(UnifiedServerSocket.java:281)
	at org.apache.zookeeper.server.quorum.UnifiedServerSocket$UnifiedSocket.getSocket(UnifiedServerSocket.java:301)
	at org.apache.zookeeper.server.quorum.UnifiedServerSocket$UnifiedSocket.access$400(UnifiedServerSocket.java:180)
	at org.apache.zookeeper.server.quorum.UnifiedServerSocket$UnifiedInputStream.getRealInputStream(UnifiedServerSocket.java:700)
	at org.apache.zookeeper.server.quorum.UnifiedServerSocket$UnifiedInputStream.read(UnifiedServerSocket.java:694)
	at java.base/java.io.BufferedInputStream.fill(BufferedInputStream.java:252)
	at java.base/java.io.BufferedInputStream.read1(BufferedInputStream.java:292)
	at java.base/java.io.BufferedInputStream.read(BufferedInputStream.java:351)
	at java.base/java.io.DataInputStream.readFully(DataInputStream.java:200)
	at java.base/java.io.DataInputStream.readLong(DataInputStream.java:421)
	at org.apache.zookeeper.server.quorum.QuorumCnxManager.handleConnection(QuorumCnxManager.java:571)
	at org.apache.zookeeper.server.quorum.QuorumCnxManager.receiveConnection(QuorumCnxManager.java:522)
	at org.apache.zookeeper.server.quorum.QuorumCnxManager$Listener.run(QuorumCnxManager.java:945)
[2021-09-25 21:01:49,663] DEBUG Receive new notification message. My id = 1 (org.apache.zookeeper.server.quorum.FastLeaderElection)
[2021-09-25 21:01:49,663] INFO Notification: 2 (message format version), 2 (n.leader), 0x0 (n.zxid), 0x1 (n.round), LOOKING (n.state), 2 (n.sid), 0x0 (n.peerEPoch), LOOKING (my state)0 (n.config version) (org.apache.zookeeper.server.quorum.FastLeaderElection)
[2021-09-25 21:01:49,663] DEBUG id: 2, proposed id: 1, zxid: 0x0, proposed zxid: 0x0 (org.apache.zookeeper.server.quorum.FastLeaderElection)
[2021-09-25 21:01:49,663] DEBUG Updating proposal: 2 (newleader), 0x0 (newzxid), 1 (oldleader), 0x0 (oldzxid) (org.apache.zookeeper.server.quorum.FastLeaderElection)
[2021-09-25 21:01:49,663] DEBUG Sending Notification: 2 (n.leader), 0x0 (n.zxid), 0x1 (n.round), 1 (recipient), 1 (myid), 0x0 (n.peerEpoch) (org.apache.zookeeper.server.quorum.FastLeaderElection)
[2021-09-25 21:01:49,663] DEBUG Sending Notification: 2 (n.leader), 0x0 (n.zxid), 0x1 (n.round), 2 (recipient), 1 (myid), 0x0 (n.peerEpoch) (org.apache.zookeeper.server.quorum.FastLeaderElection)
[2021-09-25 21:01:49,663] DEBUG Sending Notification: 2 (n.leader), 0x0 (n.zxid), 0x1 (n.round), 3 (recipient), 1 (myid), 0x0 (n.peerEpoch) (org.apache.zookeeper.server.quorum.FastLeaderElection)
[2021-09-25 21:01:49,664] DEBUG Adding vote: from=2, proposed leader=2, proposed zxid=0x0, proposed election epoch=0x1 (org.apache.zookeeper.server.quorum.FastLeaderElection)
[2021-09-25 21:01:49,664] DEBUG There is a connection already for server 2 (org.apache.zookeeper.server.quorum.QuorumCnxManager)
[2021-09-25 21:01:49,664] DEBUG Receive new notification message. My id = 1 (org.apache.zookeeper.server.quorum.FastLeaderElection)
[2021-09-25 21:01:49,664] INFO Notification: 2 (message format version), 2 (n.leader), 0x0 (n.zxid), 0x1 (n.round), LOOKING (n.state), 1 (n.sid), 0x0 (n.peerEPoch), LOOKING (my state)0 (n.config version) (org.apache.zookeeper.server.quorum.FastLeaderElection)
[2021-09-25 21:01:49,664] DEBUG id: 2, proposed id: 2, zxid: 0x0, proposed zxid: 0x0 (org.apache.zookeeper.server.quorum.FastLeaderElection)
[2021-09-25 21:01:49,664] DEBUG Adding vote: from=1, proposed leader=2, proposed zxid=0x0, proposed election epoch=0x1 (org.apache.zookeeper.server.quorum.FastLeaderElection)
[2021-09-25 21:01:49,664] DEBUG Resolved address for zk-2.zk-hs.default.svc.cluster.local: zk-2.zk-hs.default.svc.cluster.local/10.244.0.52 (org.apache.zookeeper.server.quorum.QuorumPeer)
[2021-09-25 21:01:49,666] DEBUG Resolved address for zk-2.zk-hs.default.svc.cluster.local: zk-2.zk-hs.default.svc.cluster.local/10.244.0.52 (org.apache.zookeeper.server.quorum.QuorumPeer)
[2021-09-25 21:01:49,666] DEBUG Server 1 knows 3 already, it is in the lastCommittedView (org.apache.zookeeper.server.quorum.QuorumCnxManager)
[2021-09-25 21:01:49,666] DEBUG Opening channel to server 3 (org.apache.zookeeper.server.quorum.QuorumCnxManager)
[2021-09-25 21:01:49,666] DEBUG Setup cipher suites for client socket: [TLS_ECDHE_ECDSA_WITH_AES_128_GCM_SHA256, TLS_ECDHE_RSA_WITH_AES_128_GCM_SHA256, TLS_ECDHE_ECDSA_WITH_AES_256_GCM_SHA384, TLS_ECDHE_RSA_WITH_AES_256_GCM_SHA384, TLS_ECDHE_ECDSA_WITH_AES_128_CBC_SHA256, TLS_ECDHE_RSA_WITH_AES_128_CBC_SHA256, TLS_ECDHE_ECDSA_WITH_AES_128_CBC_SHA, TLS_ECDHE_RSA_WITH_AES_128_CBC_SHA, TLS_ECDHE_ECDSA_WITH_AES_256_CBC_SHA384, TLS_ECDHE_RSA_WITH_AES_256_CBC_SHA384, TLS_ECDHE_ECDSA_WITH_AES_256_CBC_SHA, TLS_ECDHE_RSA_WITH_AES_256_CBC_SHA] (org.apache.zookeeper.common.SSLContextAndOptions)
[2021-09-25 21:01:49,667] DEBUG Setup enabled protocols for client socket: [TLSv1.2] (org.apache.zookeeper.common.SSLContextAndOptions)
[2021-09-25 21:01:49,674] WARN Cannot open channel to 3 at election address zk-2.zk-hs.default.svc.cluster.local/10.244.0.52:3888 (org.apache.zookeeper.server.quorum.QuorumCnxManager)
javax.net.ssl.SSLHandshakeException: Remote host terminated the handshake
	at java.base/sun.security.ssl.SSLSocketImpl.handleEOF(SSLSocketImpl.java:1616)
	at java.base/sun.security.ssl.SSLSocketImpl.decode(SSLSocketImpl.java:1434)
	at java.base/sun.security.ssl.SSLSocketImpl.readHandshakeRecord(SSLSocketImpl.java:1336)
	at java.base/sun.security.ssl.SSLSocketImpl.startHandshake(SSLSocketImpl.java:450)
	at java.base/sun.security.ssl.SSLSocketImpl.startHandshake(SSLSocketImpl.java:421)
	at org.apache.zookeeper.server.quorum.QuorumCnxManager.initiateConnection(QuorumCnxManager.java:366)
	at org.apache.zookeeper.server.quorum.QuorumCnxManager$QuorumConnectionReqThread.run(QuorumCnxManager.java:436)
	at java.base/java.util.concurrent.ThreadPoolExecutor.runWorker(ThreadPoolExecutor.java:1128)
	at java.base/java.util.concurrent.ThreadPoolExecutor$Worker.run(ThreadPoolExecutor.java:628)
	at java.base/java.lang.Thread.run(Thread.java:829)
Caused by: java.io.EOFException: SSL peer shut down incorrectly
	at java.base/sun.security.ssl.SSLSocketInputRecord.read(SSLSocketInputRecord.java:483)
	at java.base/sun.security.ssl.SSLSocketInputRecord.readHeader(SSLSocketInputRecord.java:472)
	at java.base/sun.security.ssl.SSLSocketInputRecord.decode(SSLSocketInputRecord.java:160)
	at java.base/sun.security.ssl.SSLTransport.decode(SSLTransport.java:111)
	at java.base/sun.security.ssl.SSLSocketImpl.decode(SSLSocketImpl.java:1426)
	... 8 more
[2021-09-25 21:01:49,864] DEBUG I'm a participant: 1 (org.apache.zookeeper.server.quorum.FastLeaderElection)
[2021-09-25 21:01:49,865] DEBUG About to leave FLE instance: leader=2, zxid=0x0, my id=1, my state=FOLLOWING (org.apache.zookeeper.server.quorum.FastLeaderElection)
[2021-09-25 21:01:49,865] DEBUG Unregister MBean [org.apache.ZooKeeperService:name0=ReplicatedServer_id1,name1=replica.1,name2=LeaderElection] (org.apache.zookeeper.jmx.MBeanRegistry)
[2021-09-25 21:01:49,865] DEBUG Number of connection processing threads: 4 (org.apache.zookeeper.server.quorum.FastLeaderElection)
[2021-09-25 21:01:49,865] INFO FOLLOWING (org.apache.zookeeper.server.quorum.QuorumPeer)
[2021-09-25 21:01:49,868] INFO TCP NoDelay set to: true (org.apache.zookeeper.server.quorum.Learner)
[2021-09-25 21:01:49,872] INFO Server environment:zookeeper.version=3.5.9-83df9301aa5c2a5d284a9940177808c01bc35cef, built on 01/06/2021 20:03 GMT (org.apache.zookeeper.server.ZooKeeperServer)
[2021-09-25 21:01:49,872] INFO Server environment:host.name=zk-0.zk-hs.default.svc.cluster.local (org.apache.zookeeper.server.ZooKeeperServer)
[2021-09-25 21:01:49,872] INFO Server environment:java.version=11.0.12 (org.apache.zookeeper.server.ZooKeeperServer)
[2021-09-25 21:01:49,872] INFO Server environment:java.vendor=Azul Systems, Inc. (org.apache.zookeeper.server.ZooKeeperServer)
[2021-09-25 21:01:49,872] INFO Server environment:java.home=/usr/lib/jvm/zulu11-ca (org.apache.zookeeper.server.ZooKeeperServer)
[2021-09-25 21:01:49,872] INFO Server environment:java.class.path=/usr/bin/../share/java/kafka/netty-transport-native-unix-common-4.1.62.Final.jar:/usr/bin/../share/java/kafka/jakarta.xml.bind-api-2.3.2.jar:/usr/bin/../share/java/kafka/zookeeper-3.5.9.jar:/usr/bin/../share/java/kafka/jackson-module-paranamer-2.10.5.jar:/usr/bin/../share/java/kafka/jackson-core-2.10.5.jar:/usr/bin/../share/java/kafka/argparse4j-0.7.0.jar:/usr/bin/../share/java/kafka/rocksdbjni-5.18.4.jar:/usr/bin/../share/java/kafka/jackson-annotations-2.10.5.jar:/usr/bin/../share/java/kafka/netty-buffer-4.1.62.Final.jar:/usr/bin/../share/java/kafka/scala-java8-compat_2.13-0.9.1.jar:/usr/bin/../share/java/kafka/jackson-databind-2.10.5.1.jar:/usr/bin/../share/java/kafka/jakarta.activation-api-1.2.1.jar:/usr/bin/../share/java/kafka/netty-resolver-4.1.62.Final.jar:/usr/bin/../share/java/kafka/jackson-datatype-jdk8-2.10.5.jar:/usr/bin/../share/java/kafka/zookeeper-jute-3.5.9.jar:/usr/bin/../share/java/kafka/jersey-container-servlet-2.34.jar:/usr/bin/../share/java/kafka/scala-library-2.13.5.jar:/usr/bin/../share/java/kafka/netty-handler-4.1.62.Final.jar:/usr/bin/../share/java/kafka/lz4-java-1.7.1.jar:/usr/bin/../share/java/kafka/paranamer-2.8.jar:/usr/bin/../share/java/kafka/netty-transport-4.1.62.Final.jar:/usr/bin/../share/java/kafka/netty-transport-native-epoll-4.1.62.Final.jar:/usr/bin/../share/java/kafka/audience-annotations-0.5.0.jar:/usr/bin/../share/java/kafka/jackson-jaxrs-json-provider-2.10.5.jar:/usr/bin/../share/java/kafka/scala-collection-compat_2.13-2.3.0.jar:/usr/bin/../share/java/kafka/jline-3.12.1.jar:/usr/bin/../share/java/kafka/hk2-locator-2.6.1.jar:/usr/bin/../share/java/kafka/jersey-client-2.34.jar:/usr/bin/../share/java/kafka/jackson-module-scala_2.13-2.10.5.jar:/usr/bin/../share/java/kafka/jakarta.ws.rs-api-2.1.6.jar:/usr/bin/../share/java/kafka/jackson-jaxrs-base-2.10.5.jar:/usr/bin/../share/java/kafka/commons-lang3-3.8.1.jar:/usr/bin/../share/java/kafka/netty-codec-4.1.62.Final.jar:/usr/bin/../share/java/kafka/hk2-api-2.6.1.jar:/usr/bin/../share/java/kafka/jackson-dataformat-csv-2.10.5.jar:/usr/bin/../share/java/kafka/slf4j-log4j12-1.7.30.jar:/usr/bin/../share/java/kafka/scala-reflect-2.13.5.jar:/usr/bin/../share/java/kafka/jaxb-api-2.3.0.jar:/usr/bin/../share/java/kafka/jackson-module-jaxb-annotations-2.10.5.jar:/usr/bin/../share/java/kafka/plexus-utils-3.2.1.jar:/usr/bin/../share/java/kafka/activation-1.1.1.jar:/usr/bin/../share/java/kafka/jakarta.annotation-api-1.3.5.jar:/usr/bin/../share/java/kafka/javax.servlet-api-3.1.0.jar:/usr/bin/../share/java/kafka/jersey-hk2-2.34.jar:/usr/bin/../share/java/kafka/javassist-3.27.0-GA.jar:/usr/bin/../share/java/kafka/confluent-log4j-1.2.17-cp2.jar:/usr/bin/../share/java/kafka/jopt-simple-5.0.4.jar:/usr/bin/../share/java/kafka/metrics-core-2.2.0.jar:/usr/bin/../share/java/kafka/jakarta.inject-2.6.1.jar:/usr/bin/../share/java/kafka/zstd-jni-1.4.9-1.jar:/usr/bin/../share/java/kafka/osgi-resource-locator-1.0.3.jar:/usr/bin/../share/java/kafka/jakarta.validation-api-2.0.2.jar:/usr/bin/../share/java/kafka/jersey-common-2.34.jar:/usr/bin/../share/java/kafka/snappy-java-1.1.8.1.jar:/usr/bin/../share/java/kafka/jersey-container-servlet-core-2.34.jar:/usr/bin/../share/java/kafka/hk2-utils-2.6.1.jar:/usr/bin/../share/java/kafka/javax.ws.rs-api-2.1.1.jar:/usr/bin/../share/java/kafka/netty-common-4.1.62.Final.jar:/usr/bin/../share/java/kafka/maven-artifact-3.8.1.jar:/usr/bin/../share/java/kafka/scala-logging_2.13-3.9.2.jar:/usr/bin/../share/java/kafka/slf4j-api-1.7.30.jar:/usr/bin/../share/java/kafka/commons-cli-1.4.jar:/usr/bin/../share/java/kafka/aopalliance-repackaged-2.6.1.jar:/usr/bin/../share/java/kafka/kafka.jar:/usr/bin/../share/java/kafka/reflections-0.9.12.jar:/usr/bin/../share/java/kafka/jersey-server-2.34.jar:/usr/bin/../share/java/kafka/kafka_2.13-6.2.1-ccs-javadoc.jar:/usr/bin/../share/java/kafka/connect-mirror-client-6.2.1-ccs.jar:/usr/bin/../share/java/kafka/jetty-servlet-9.4.43.v20210629.jar:/usr/bin/../share/java/kafka/jetty-continuation-9.4.43.v20210629.jar:/usr/bin/../share/java/kafka/connect-json-6.2.1-ccs.jar:/usr/bin/../share/java/kafka/jetty-util-ajax-9.4.43.v20210629.jar:/usr/bin/../share/java/kafka/jetty-client-9.4.43.v20210629.jar:/usr/bin/../share/java/kafka/kafka-shell-6.2.1-ccs.jar:/usr/bin/../share/java/kafka/connect-mirror-6.2.1-ccs.jar:/usr/bin/../share/java/kafka/kafka_2.13-6.2.1-ccs-sources.jar:/usr/bin/../share/java/kafka/kafka-metadata-6.2.1-ccs.jar:/usr/bin/../share/java/kafka/kafka_2.13-6.2.1-ccs-test-sources.jar:/usr/bin/../share/java/kafka/kafka-log4j-appender-6.2.1-ccs.jar:/usr/bin/../share/java/kafka/connect-basic-auth-extension-6.2.1-ccs.jar:/usr/bin/../share/java/kafka/jetty-security-9.4.43.v20210629.jar:/usr/bin/../share/java/kafka/connect-api-6.2.1-ccs.jar:/usr/bin/../share/java/kafka/kafka-streams-test-utils-6.2.1-ccs.jar:/usr/bin/../share/java/kafka/jetty-io-9.4.43.v20210629.jar:/usr/bin/../share/java/kafka/jetty-servlets-9.4.43.v20210629.jar:/usr/bin/../share/java/kafka/connect-runtime-6.2.1-ccs.jar:/usr/bin/../share/java/kafka/kafka-clients-6.2.1-ccs.jar:/usr/bin/../share/java/kafka/jetty-server-9.4.43.v20210629.jar:/usr/bin/../share/java/kafka/jetty-http-9.4.43.v20210629.jar:/usr/bin/../share/java/kafka/kafka-streams-6.2.1-ccs.jar:/usr/bin/../share/java/kafka/kafka-streams-scala_2.13-6.2.1-ccs.jar:/usr/bin/../share/java/kafka/kafka-tools-6.2.1-ccs.jar:/usr/bin/../share/java/kafka/kafka-raft-6.2.1-ccs.jar:/usr/bin/../share/java/kafka/kafka-streams-examples-6.2.1-ccs.jar:/usr/bin/../share/java/kafka/jetty-util-9.4.43.v20210629.jar:/usr/bin/../share/java/kafka/kafka_2.13-6.2.1-ccs-test.jar:/usr/bin/../share/java/kafka/connect-transforms-6.2.1-ccs.jar:/usr/bin/../share/java/kafka/kafka_2.13-6.2.1-ccs.jar:/usr/bin/../share/java/confluent-telemetry/* (org.apache.zookeeper.server.ZooKeeperServer)
[2021-09-25 21:01:49,872] INFO Server environment:java.library.path=/usr/java/packages/lib:/usr/lib64:/lib64:/lib:/usr/lib (org.apache.zookeeper.server.ZooKeeperServer)
[2021-09-25 21:01:49,872] INFO Server environment:java.io.tmpdir=/tmp (org.apache.zookeeper.server.ZooKeeperServer)
[2021-09-25 21:01:49,872] INFO Server environment:java.compiler=<NA> (org.apache.zookeeper.server.ZooKeeperServer)
[2021-09-25 21:01:49,872] INFO Server environment:os.name=Linux (org.apache.zookeeper.server.ZooKeeperServer)
[2021-09-25 21:01:49,872] INFO Server environment:os.arch=amd64 (org.apache.zookeeper.server.ZooKeeperServer)
[2021-09-25 21:01:49,872] INFO Server environment:os.version=4.19.202 (org.apache.zookeeper.server.ZooKeeperServer)
[2021-09-25 21:01:49,872] INFO Server environment:user.name=root (org.apache.zookeeper.server.ZooKeeperServer)
[2021-09-25 21:01:49,872] INFO Server environment:user.home=/root (org.apache.zookeeper.server.ZooKeeperServer)
[2021-09-25 21:01:49,872] INFO Server environment:user.dir=/home/appuser (org.apache.zookeeper.server.ZooKeeperServer)
[2021-09-25 21:01:49,872] INFO Server environment:os.memory.free=496MB (org.apache.zookeeper.server.ZooKeeperServer)
[2021-09-25 21:01:49,872] INFO Server environment:os.memory.max=512MB (org.apache.zookeeper.server.ZooKeeperServer)
[2021-09-25 21:01:49,872] INFO Server environment:os.memory.total=512MB (org.apache.zookeeper.server.ZooKeeperServer)
[2021-09-25 21:01:49,873] INFO minSessionTimeout set to 4000 (org.apache.zookeeper.server.ZooKeeperServer)
[2021-09-25 21:01:49,873] INFO maxSessionTimeout set to 40000 (org.apache.zookeeper.server.ZooKeeperServer)
[2021-09-25 21:01:49,873] INFO Created server with tickTime 2000 minSessionTimeout 4000 maxSessionTimeout 40000 datadir /var/lib/zookeeper/log/version-2 snapdir /var/lib/zookeeper/data/version-2 (org.apache.zookeeper.server.ZooKeeperServer)
[2021-09-25 21:01:49,874] INFO FOLLOWING - LEADER ELECTION TOOK - 8 MS (org.apache.zookeeper.server.quorum.Learner)
[2021-09-25 21:01:49,875] DEBUG Resolved address for zk-1.zk-hs.default.svc.cluster.local: zk-1.zk-hs.default.svc.cluster.local/10.244.1.108 (org.apache.zookeeper.server.quorum.QuorumPeer)
[2021-09-25 21:01:49,875] DEBUG Setup cipher suites for client socket: [TLS_ECDHE_ECDSA_WITH_AES_128_GCM_SHA256, TLS_ECDHE_RSA_WITH_AES_128_GCM_SHA256, TLS_ECDHE_ECDSA_WITH_AES_256_GCM_SHA384, TLS_ECDHE_RSA_WITH_AES_256_GCM_SHA384, TLS_ECDHE_ECDSA_WITH_AES_128_CBC_SHA256, TLS_ECDHE_RSA_WITH_AES_128_CBC_SHA256, TLS_ECDHE_ECDSA_WITH_AES_128_CBC_SHA, TLS_ECDHE_RSA_WITH_AES_128_CBC_SHA, TLS_ECDHE_ECDSA_WITH_AES_256_CBC_SHA384, TLS_ECDHE_RSA_WITH_AES_256_CBC_SHA384, TLS_ECDHE_ECDSA_WITH_AES_256_CBC_SHA, TLS_ECDHE_RSA_WITH_AES_256_CBC_SHA] (org.apache.zookeeper.common.SSLContextAndOptions)
[2021-09-25 21:01:49,876] DEBUG Setup enabled protocols for client socket: [TLSv1.2] (org.apache.zookeeper.common.SSLContextAndOptions)
[2021-09-25 21:01:50,007] INFO Getting a diff from the leader 0x0 (org.apache.zookeeper.server.quorum.Learner)
[2021-09-25 21:01:50,009] INFO Learner received NEWLEADER message (org.apache.zookeeper.server.quorum.Learner)
[2021-09-25 21:01:50,010] INFO Dynamic reconfig is disabled, we don't store the last seen config. (org.apache.zookeeper.server.quorum.QuorumPeer)
[2021-09-25 21:01:50,026] INFO Learner received UPTODATE message (org.apache.zookeeper.server.quorum.Learner)
[2021-09-25 21:01:50,026] DEBUG Reconfig feature is disabled, skip reconfig processing. (org.apache.zookeeper.server.quorum.QuorumPeer)
[2021-09-25 21:01:50,029] INFO Configuring CommitProcessor with 1 worker threads. (org.apache.zookeeper.server.quorum.CommitProcessor)
[2021-09-25 21:01:50,197] INFO Received connection request from /10.244.0.52:39192 (org.apache.zookeeper.server.quorum.QuorumCnxManager)
[2021-09-25 21:01:50,197] DEBUG Sync handling of connection request received from: /10.244.0.52:39192 (org.apache.zookeeper.server.quorum.QuorumCnxManager)
[2021-09-25 21:01:50,197] WARN Exception reading or writing challenge: {} (org.apache.zookeeper.server.quorum.QuorumCnxManager)
java.io.IOException: Blocked insecure connection attempt
	at org.apache.zookeeper.server.quorum.UnifiedServerSocket$UnifiedSocket.detectMode(UnifiedServerSocket.java:281)
	at org.apache.zookeeper.server.quorum.UnifiedServerSocket$UnifiedSocket.getSocket(UnifiedServerSocket.java:301)
	at org.apache.zookeeper.server.quorum.UnifiedServerSocket$UnifiedSocket.access$400(UnifiedServerSocket.java:180)
	at org.apache.zookeeper.server.quorum.UnifiedServerSocket$UnifiedInputStream.getRealInputStream(UnifiedServerSocket.java:700)
	at org.apache.zookeeper.server.quorum.UnifiedServerSocket$UnifiedInputStream.read(UnifiedServerSocket.java:694)
	at java.base/java.io.BufferedInputStream.fill(BufferedInputStream.java:252)
	at java.base/java.io.BufferedInputStream.read1(BufferedInputStream.java:292)
	at java.base/java.io.BufferedInputStream.read(BufferedInputStream.java:351)
	at java.base/java.io.DataInputStream.readFully(DataInputStream.java:200)
	at java.base/java.io.DataInputStream.readLong(DataInputStream.java:421)
	at org.apache.zookeeper.server.quorum.QuorumCnxManager.handleConnection(QuorumCnxManager.java:571)
	at org.apache.zookeeper.server.quorum.QuorumCnxManager.receiveConnection(QuorumCnxManager.java:522)
	at org.apache.zookeeper.server.quorum.QuorumCnxManager$Listener.run(QuorumCnxManager.java:945)
[2021-09-25 21:01:51,797] INFO Received connection request from /10.244.0.52:39202 (org.apache.zookeeper.server.quorum.QuorumCnxManager)
[2021-09-25 21:01:51,797] DEBUG Sync handling of connection request received from: /10.244.0.52:39202 (org.apache.zookeeper.server.quorum.QuorumCnxManager)
[2021-09-25 21:01:51,798] WARN Exception reading or writing challenge: {} (org.apache.zookeeper.server.quorum.QuorumCnxManager)
java.io.IOException: Blocked insecure connection attempt
	at org.apache.zookeeper.server.quorum.UnifiedServerSocket$UnifiedSocket.detectMode(UnifiedServerSocket.java:281)
	at org.apache.zookeeper.server.quorum.UnifiedServerSocket$UnifiedSocket.getSocket(UnifiedServerSocket.java:301)
	at org.apache.zookeeper.server.quorum.UnifiedServerSocket$UnifiedSocket.access$400(UnifiedServerSocket.java:180)
	at org.apache.zookeeper.server.quorum.UnifiedServerSocket$UnifiedInputStream.getRealInputStream(UnifiedServerSocket.java:700)
	at org.apache.zookeeper.server.quorum.UnifiedServerSocket$UnifiedInputStream.read(UnifiedServerSocket.java:694)
	at java.base/java.io.BufferedInputStream.fill(BufferedInputStream.java:252)
	at java.base/java.io.BufferedInputStream.read1(BufferedInputStream.java:292)
	at java.base/java.io.BufferedInputStream.read(BufferedInputStream.java:351)
	at java.base/java.io.DataInputStream.readFully(DataInputStream.java:200)
	at java.base/java.io.DataInputStream.readLong(DataInputStream.java:421)
	at org.apache.zookeeper.server.quorum.QuorumCnxManager.handleConnection(QuorumCnxManager.java:571)
	at org.apache.zookeeper.server.quorum.QuorumCnxManager.receiveConnection(QuorumCnxManager.java:522)
	at org.apache.zookeeper.server.quorum.QuorumCnxManager$Listener.run(QuorumCnxManager.java:945)
[2021-09-25 21:01:54,998] INFO Received connection request from /10.244.0.52:39228 (org.apache.zookeeper.server.quorum.QuorumCnxManager)
[2021-09-25 21:01:54,998] DEBUG Sync handling of connection request received from: /10.244.0.52:39228 (org.apache.zookeeper.server.quorum.QuorumCnxManager)
[2021-09-25 21:01:54,999] WARN Exception reading or writing challenge: {} (org.apache.zookeeper.server.quorum.QuorumCnxManager)
java.io.IOException: Blocked insecure connection attempt
	at org.apache.zookeeper.server.quorum.UnifiedServerSocket$UnifiedSocket.detectMode(UnifiedServerSocket.java:281)
	at org.apache.zookeeper.server.quorum.UnifiedServerSocket$UnifiedSocket.getSocket(UnifiedServerSocket.java:301)
	at org.apache.zookeeper.server.quorum.UnifiedServerSocket$UnifiedSocket.access$400(UnifiedServerSocket.java:180)
	at org.apache.zookeeper.server.quorum.UnifiedServerSocket$UnifiedInputStream.getRealInputStream(UnifiedServerSocket.java:700)
	at org.apache.zookeeper.server.quorum.UnifiedServerSocket$UnifiedInputStream.read(UnifiedServerSocket.java:694)
	at java.base/java.io.BufferedInputStream.fill(BufferedInputStream.java:252)
	at java.base/java.io.BufferedInputStream.read1(BufferedInputStream.java:292)
	at java.base/java.io.BufferedInputStream.read(BufferedInputStream.java:351)
	at java.base/java.io.DataInputStream.readFully(DataInputStream.java:200)
	at java.base/java.io.DataInputStream.readLong(DataInputStream.java:421)
	at org.apache.zookeeper.server.quorum.QuorumCnxManager.handleConnection(QuorumCnxManager.java:571)
	at org.apache.zookeeper.server.quorum.QuorumCnxManager.receiveConnection(QuorumCnxManager.java:522)
	at org.apache.zookeeper.server.quorum.QuorumCnxManager$Listener.run(QuorumCnxManager.java:945)
